[0.245s] Invoking command in '/home/han/prob_project_ws/src/model_description': PYTHONPATH=/home/han/prob_project_ws/build/model_description/prefix_override:/usr/lib/python3/dist-packages/colcon_core/task/python/colcon_distutils_commands:/home/han/prob_project_ws/install/model_description/lib/python3.10/site-packages:${PYTHONPATH} /usr/bin/python3 -W ignore:setup.py install is deprecated -W ignore:easy_install command is deprecated setup.py egg_info --egg-base ../../build/model_description build --build-base /home/han/prob_project_ws/build/model_description/build install --record /home/han/prob_project_ws/build/model_description/install.log --single-version-externally-managed install_data
[0.335s] running egg_info
[0.335s] writing ../../build/model_description/model_description.egg-info/PKG-INFO
[0.335s] writing dependency_links to ../../build/model_description/model_description.egg-info/dependency_links.txt
[0.335s] writing entry points to ../../build/model_description/model_description.egg-info/entry_points.txt
[0.335s] writing requirements to ../../build/model_description/model_description.egg-info/requires.txt
[0.335s] writing top-level names to ../../build/model_description/model_description.egg-info/top_level.txt
[0.336s] reading manifest file '../../build/model_description/model_description.egg-info/SOURCES.txt'
[0.336s] writing manifest file '../../build/model_description/model_description.egg-info/SOURCES.txt'
[0.336s] running build
[0.336s] running build_py
[0.336s] running install
[0.337s] running install_lib
[0.337s] running install_data
[0.337s] running install_egg_info
[0.338s] removing '/home/han/prob_project_ws/install/model_description/lib/python3.10/site-packages/model_description-0.0.0-py3.10.egg-info' (and everything under it)
[0.338s] Copying ../../build/model_description/model_description.egg-info to /home/han/prob_project_ws/install/model_description/lib/python3.10/site-packages/model_description-0.0.0-py3.10.egg-info
[0.338s] running install_scripts
[0.347s] writing list of installed files to '/home/han/prob_project_ws/build/model_description/install.log'
[0.357s] Invoked command in '/home/han/prob_project_ws/src/model_description' returned '0': PYTHONPATH=/home/han/prob_project_ws/build/model_description/prefix_override:/usr/lib/python3/dist-packages/colcon_core/task/python/colcon_distutils_commands:/home/han/prob_project_ws/install/model_description/lib/python3.10/site-packages:${PYTHONPATH} /usr/bin/python3 -W ignore:setup.py install is deprecated -W ignore:easy_install command is deprecated setup.py egg_info --egg-base ../../build/model_description build --build-base /home/han/prob_project_ws/build/model_description/build install --record /home/han/prob_project_ws/build/model_description/install.log --single-version-externally-managed install_data
