[0.244s] Invoking command in '/home/han/prob_project_ws/src/model_gazebo': AMENT_PREFIX_PATH=/home/han/prob_project_ws/install/model_description:${AMENT_PREFIX_PATH} PYTHONPATH=/home/han/prob_project_ws/build/model_gazebo/prefix_override:/usr/lib/python3/dist-packages/colcon_core/task/python/colcon_distutils_commands:/home/han/prob_project_ws/install/model_gazebo/lib/python3.10/site-packages:/home/han/prob_project_ws/install/model_description/lib/python3.10/site-packages:${PYTHONPATH} /usr/bin/python3 -W ignore:setup.py install is deprecated -W ignore:easy_install command is deprecated setup.py egg_info --egg-base ../../build/model_gazebo build --build-base /home/han/prob_project_ws/build/model_gazebo/build install --record /home/han/prob_project_ws/build/model_gazebo/install.log --single-version-externally-managed install_data
[0.331s] running egg_info
[0.331s] writing ../../build/model_gazebo/model_gazebo.egg-info/PKG-INFO
[0.331s] writing dependency_links to ../../build/model_gazebo/model_gazebo.egg-info/dependency_links.txt
[0.331s] writing entry points to ../../build/model_gazebo/model_gazebo.egg-info/entry_points.txt
[0.331s] writing requirements to ../../build/model_gazebo/model_gazebo.egg-info/requires.txt
[0.331s] writing top-level names to ../../build/model_gazebo/model_gazebo.egg-info/top_level.txt
[0.332s] reading manifest file '../../build/model_gazebo/model_gazebo.egg-info/SOURCES.txt'
[0.332s] writing manifest file '../../build/model_gazebo/model_gazebo.egg-info/SOURCES.txt'
[0.332s] running build
[0.332s] running build_py
[0.332s] running install
[0.332s] running install_lib
[0.333s] running install_data
[0.333s] copying launch/model_in_gazebo.launch.py -> /home/han/prob_project_ws/install/model_gazebo/share/model_gazebo
[0.333s] copying worlds/turtlebot3_house.world -> /home/han/prob_project_ws/install/model_gazebo/share/model_gazebo/worlds
[0.333s] running install_egg_info
[0.334s] removing '/home/han/prob_project_ws/install/model_gazebo/lib/python3.10/site-packages/model_gazebo-0.0.0-py3.10.egg-info' (and everything under it)
[0.334s] Copying ../../build/model_gazebo/model_gazebo.egg-info to /home/han/prob_project_ws/install/model_gazebo/lib/python3.10/site-packages/model_gazebo-0.0.0-py3.10.egg-info
[0.334s] running install_scripts
[0.343s] writing list of installed files to '/home/han/prob_project_ws/build/model_gazebo/install.log'
[0.354s] Invoked command in '/home/han/prob_project_ws/src/model_gazebo' returned '0': AMENT_PREFIX_PATH=/home/han/prob_project_ws/install/model_description:${AMENT_PREFIX_PATH} PYTHONPATH=/home/han/prob_project_ws/build/model_gazebo/prefix_override:/usr/lib/python3/dist-packages/colcon_core/task/python/colcon_distutils_commands:/home/han/prob_project_ws/install/model_gazebo/lib/python3.10/site-packages:/home/han/prob_project_ws/install/model_description/lib/python3.10/site-packages:${PYTHONPATH} /usr/bin/python3 -W ignore:setup.py install is deprecated -W ignore:easy_install command is deprecated setup.py egg_info --egg-base ../../build/model_gazebo build --build-base /home/han/prob_project_ws/build/model_gazebo/build install --record /home/han/prob_project_ws/build/model_gazebo/install.log --single-version-externally-managed install_data
