[0.590s] Invoking command in '/home/darren/Desktop/Prob_Project_ws/src/model_description': CONDA_PROMPT_MODIFIER=(ros_env) DEBUGINFOD_URLS=https://debuginfod.ubuntu.com PYTHONPATH=/home/darren/Desktop/Prob_Project_ws/build/model_description/prefix_override:/home/darren/miniconda3/envs/ros_env/lib/python3.11/site-packages/colcon_core/task/python/colcon_distutils_commands:/home/darren/Desktop/Prob_Project_ws/install/model_description/lib/python3.11/site-packages:${PYTHONPATH} /home/darren/miniconda3/envs/ros_env/bin/python3.11 -W ignore:setup.py install is deprecated -W ignore:easy_install command is deprecated setup.py egg_info --egg-base ../../build/model_description build --build-base /home/darren/Desktop/Prob_Project_ws/build/model_description/build install --record /home/darren/Desktop/Prob_Project_ws/build/model_description/install.log --single-version-externally-managed install_data
[0.814s] running egg_info
[0.827s] writing ../../build/model_description/model_description.egg-info/PKG-INFO
[0.827s] writing dependency_links to ../../build/model_description/model_description.egg-info/dependency_links.txt
[0.827s] writing requirements to ../../build/model_description/model_description.egg-info/requires.txt
[0.828s] writing top-level names to ../../build/model_description/model_description.egg-info/top_level.txt
[0.855s] reading manifest file '../../build/model_description/model_description.egg-info/SOURCES.txt'
[0.857s] writing manifest file '../../build/model_description/model_description.egg-info/SOURCES.txt'
[0.857s] running build
[0.858s] running build_py
[0.858s] copying model_description/__init__.py -> /home/darren/Desktop/Prob_Project_ws/build/model_description/build/lib/model_description
[0.858s] running install
[0.863s] running install_lib
[0.876s] running install_data
[0.877s] copying resource/model_description -> /home/darren/Desktop/Prob_Project_ws/install/model_description/share/ament_index/resource_index/packages
[0.877s] copying package.xml -> /home/darren/Desktop/Prob_Project_ws/install/model_description/share/model_description
[0.877s] copying launch/display.launch.py -> /home/darren/Desktop/Prob_Project_ws/install/model_description/share/model_description/launch
[0.877s] copying urdf/LeKiwi.urdf -> /home/darren/Desktop/Prob_Project_ws/install/model_description/share/model_description/urdf
[0.878s] copying urdf/fish_bot_test.urdf -> /home/darren/Desktop/Prob_Project_ws/install/model_description/share/model_description/urdf
[0.878s] copying urdf/LeKiwi_simplified.urdf -> /home/darren/Desktop/Prob_Project_ws/install/model_description/share/model_description/urdf
[0.878s] copying meshes/4-Omni-Directional-Wheel_Single_Body-v1-1.stl -> /home/darren/Desktop/Prob_Project_ws/install/model_description/share/model_description/meshes
[0.932s] copying meshes/94868A713_NO-THREADS_Female-Threaded-Hex-Standoff-3.stl -> /home/darren/Desktop/Prob_Project_ws/install/model_description/share/model_description/meshes
[0.933s] copying meshes/Bottom-V2-v3.stl -> /home/darren/Desktop/Prob_Project_ws/install/model_description/share/model_description/meshes
[0.934s] copying meshes/WaveShare_Mounting_Plate_01d-v1.stl -> /home/darren/Desktop/Prob_Project_ws/install/model_description/share/model_description/meshes
[0.935s] copying meshes/Passive_Horn_01-v1.stl -> /home/darren/Desktop/Prob_Project_ws/install/model_description/share/model_description/meshes
[0.936s] copying meshes/Wrist-Camera-Mount-v11.stl -> /home/darren/Desktop/Prob_Project_ws/install/model_description/share/model_description/meshes
[0.938s] copying meshes/base_plate_layer2-v3.stl -> /home/darren/Desktop/Prob_Project_ws/install/model_description/share/model_description/meshes
[0.940s] copying meshes/STS3215_03a-v1-4.stl -> /home/darren/Desktop/Prob_Project_ws/install/model_description/share/model_description/meshes
[0.942s] copying meshes/94868A713_NO-THREADS_Female-Threaded-Hex-Standoff-5.stl -> /home/darren/Desktop/Prob_Project_ws/install/model_description/share/model_description/meshes
[0.943s] copying meshes/STS3215_03a-v1-1.stl -> /home/darren/Desktop/Prob_Project_ws/install/model_description/share/model_description/meshes
[0.945s] copying meshes/drive_motor_mount-v11-2.stl -> /home/darren/Desktop/Prob_Project_ws/install/model_description/share/model_description/meshes
[0.945s] copying meshes/94868A713_NO-THREADS_Female-Threaded-Hex-Standoff.stl -> /home/darren/Desktop/Prob_Project_ws/install/model_description/share/model_description/meshes
[0.946s] copying meshes/ST3215_Servo_Motor-v1-1.stl -> /home/darren/Desktop/Prob_Project_ws/install/model_description/share/model_description/meshes
[0.951s] copying meshes/servo_controller_mount-v3.stl -> /home/darren/Desktop/Prob_Project_ws/install/model_description/share/model_description/meshes
[0.952s] copying meshes/STS3215_03a_Wrist_Roll-v1.stl -> /home/darren/Desktop/Prob_Project_ws/install/model_description/share/model_description/meshes
[0.953s] copying meshes/omni_wheel_mount-v5-1.stl -> /home/darren/Desktop/Prob_Project_ws/install/model_description/share/model_description/meshes
[0.956s] copying meshes/SO_ARM100_08k_Mirror-v1.stl -> /home/darren/Desktop/Prob_Project_ws/install/model_description/share/model_description/meshes
[0.959s] copying meshes/Camera-Mount-v8.stl -> /home/darren/Desktop/Prob_Project_ws/install/model_description/share/model_description/meshes
[0.960s] copying meshes/Moving_Jaw_08d-v1.stl -> /home/darren/Desktop/Prob_Project_ws/install/model_description/share/model_description/meshes
[0.963s] copying meshes/4-Omni-Directional-Wheel_Single_Body-v1-2.stl -> /home/darren/Desktop/Prob_Project_ws/install/model_description/share/model_description/meshes
[1.017s] copying meshes/SO_ARM100_08k_116_Square-v1.stl -> /home/darren/Desktop/Prob_Project_ws/install/model_description/share/model_description/meshes
[1.018s] copying meshes/drive_motor_mount-v11-1.stl -> /home/darren/Desktop/Prob_Project_ws/install/model_description/share/model_description/meshes
[1.019s] copying meshes/94868A713_NO-THREADS_Female-Threaded-Hex-Standoff-2.stl -> /home/darren/Desktop/Prob_Project_ws/install/model_description/share/model_description/meshes
[1.020s] copying meshes/STS3215_03a-v1-3.stl -> /home/darren/Desktop/Prob_Project_ws/install/model_description/share/model_description/meshes
[1.022s] copying meshes/omni_wheel_mount-v5-2.stl -> /home/darren/Desktop/Prob_Project_ws/install/model_description/share/model_description/meshes
[1.024s] copying meshes/Wrist_Roll_Pitch_08i-v1.stl -> /home/darren/Desktop/Prob_Project_ws/install/model_description/share/model_description/meshes
[1.028s] copying meshes/STS3215_03a-v1.stl -> /home/darren/Desktop/Prob_Project_ws/install/model_description/share/model_description/meshes
[1.030s] copying meshes/Top-V2-v2.stl -> /home/darren/Desktop/Prob_Project_ws/install/model_description/share/model_description/meshes
[1.031s] copying meshes/Camera-Model-v3.stl -> /home/darren/Desktop/Prob_Project_ws/install/model_description/share/model_description/meshes
[1.035s] copying meshes/SO_ARM100_08k_Asym_Mirror_Clip-v1.stl -> /home/darren/Desktop/Prob_Project_ws/install/model_description/share/model_description/meshes
[1.036s] copying meshes/lipo_battery_mount-v3.stl -> /home/darren/Desktop/Prob_Project_ws/install/model_description/share/model_description/meshes
[1.037s] copying meshes/Rotation_Pitch_08i-v1.stl -> /home/darren/Desktop/Prob_Project_ws/install/model_description/share/model_description/meshes
[1.039s] copying meshes/omni_wheel_mount-v5.stl -> /home/darren/Desktop/Prob_Project_ws/install/model_description/share/model_description/meshes
[1.041s] copying meshes/Wrist_Roll_08c-v1.stl -> /home/darren/Desktop/Prob_Project_ws/install/model_description/share/model_description/meshes
[1.044s] copying meshes/STS3215_03a-v1-2.stl -> /home/darren/Desktop/Prob_Project_ws/install/model_description/share/model_description/meshes
[1.046s] copying meshes/drive_motor_mount-v11.stl -> /home/darren/Desktop/Prob_Project_ws/install/model_description/share/model_description/meshes
[1.047s] copying meshes/base_plate_layer1-v5.stl -> /home/darren/Desktop/Prob_Project_ws/install/model_description/share/model_description/meshes
[1.049s] copying meshes/4-Omni-Directional-Wheel_Single_Body-v1.stl -> /home/darren/Desktop/Prob_Project_ws/install/model_description/share/model_description/meshes
[1.104s] copying meshes/ST3215_Servo_Motor-v1-2.stl -> /home/darren/Desktop/Prob_Project_ws/install/model_description/share/model_description/meshes
[1.107s] copying meshes/94868A713_NO-THREADS_Female-Threaded-Hex-Standoff-1.stl -> /home/darren/Desktop/Prob_Project_ws/install/model_description/share/model_description/meshes
[1.108s] copying meshes/94868A713_NO-THREADS_Female-Threaded-Hex-Standoff-4.stl -> /home/darren/Desktop/Prob_Project_ws/install/model_description/share/model_description/meshes
[1.109s] copying meshes/Base_08q-v1.stl -> /home/darren/Desktop/Prob_Project_ws/install/model_description/share/model_description/meshes
[1.113s] copying meshes/Camera-Model-v3-1.stl -> /home/darren/Desktop/Prob_Project_ws/install/model_description/share/model_description/meshes
[1.116s] copying meshes/Battery---Battery-5.2-Ah-DC5521-Plug-v2.stl -> /home/darren/Desktop/Prob_Project_ws/install/model_description/share/model_description/meshes
[1.118s] copying meshes/ST3215_Servo_Motor-v1.stl -> /home/darren/Desktop/Prob_Project_ws/install/model_description/share/model_description/meshes
[1.121s] running install_egg_info
[1.134s] removing '/home/darren/Desktop/Prob_Project_ws/install/model_description/lib/python3.11/site-packages/model_description-0.0.0-py3.11.egg-info' (and everything under it)
[1.134s] Copying ../../build/model_description/model_description.egg-info to /home/darren/Desktop/Prob_Project_ws/install/model_description/lib/python3.11/site-packages/model_description-0.0.0-py3.11.egg-info
[1.135s] running install_scripts
[1.159s] writing list of installed files to '/home/darren/Desktop/Prob_Project_ws/build/model_description/install.log'
[1.187s] Invoked command in '/home/darren/Desktop/Prob_Project_ws/src/model_description' returned '0': CONDA_PROMPT_MODIFIER=(ros_env) DEBUGINFOD_URLS=https://debuginfod.ubuntu.com PYTHONPATH=/home/darren/Desktop/Prob_Project_ws/build/model_description/prefix_override:/home/darren/miniconda3/envs/ros_env/lib/python3.11/site-packages/colcon_core/task/python/colcon_distutils_commands:/home/darren/Desktop/Prob_Project_ws/install/model_description/lib/python3.11/site-packages:${PYTHONPATH} /home/darren/miniconda3/envs/ros_env/bin/python3.11 -W ignore:setup.py install is deprecated -W ignore:easy_install command is deprecated setup.py egg_info --egg-base ../../build/model_description build --build-base /home/darren/Desktop/Prob_Project_ws/build/model_description/build install --record /home/darren/Desktop/Prob_Project_ws/build/model_description/install.log --single-version-externally-managed install_data
