running egg_info
creating ../../build/model_gazebo/model_gazebo.egg-info
writing ../../build/model_gazebo/model_gazebo.egg-info/PKG-INFO
writing dependency_links to ../../build/model_gazebo/model_gazebo.egg-info/dependency_links.txt
writing requirements to ../../build/model_gazebo/model_gazebo.egg-info/requires.txt
writing top-level names to ../../build/model_gazebo/model_gazebo.egg-info/top_level.txt
writing manifest file '../../build/model_gazebo/model_gazebo.egg-info/SOURCES.txt'
reading manifest file '../../build/model_gazebo/model_gazebo.egg-info/SOURCES.txt'
writing manifest file '../../build/model_gazebo/model_gazebo.egg-info/SOURCES.txt'
running build
running build_py
creating /home/darren/Desktop/Prob_Project_ws/build/model_gazebo/build/lib/model_gazebo
copying model_gazebo/__init__.py -> /home/darren/Desktop/Prob_Project_ws/build/model_gazebo/build/lib/model_gazebo
running install
running install_lib
creating /home/darren/Desktop/Prob_Project_ws/install/model_gazebo/lib/python3.11/site-packages/model_gazebo
copying /home/darren/Desktop/Prob_Project_ws/build/model_gazebo/build/lib/model_gazebo/__init__.py -> /home/darren/Desktop/Prob_Project_ws/install/model_gazebo/lib/python3.11/site-packages/model_gazebo
byte-compiling /home/darren/Desktop/Prob_Project_ws/install/model_gazebo/lib/python3.11/site-packages/model_gazebo/__init__.py to __init__.cpython-311.pyc
running install_data
creating /home/darren/Desktop/Prob_Project_ws/install/model_gazebo/share/ament_index/resource_index/packages
copying resource/model_gazebo -> /home/darren/Desktop/Prob_Project_ws/install/model_gazebo/share/ament_index/resource_index/packages
copying package.xml -> /home/darren/Desktop/Prob_Project_ws/install/model_gazebo/share/model_gazebo
copying launch/model_in_gazebo.launch.py -> /home/darren/Desktop/Prob_Project_ws/install/model_gazebo/share/model_gazebo
creating /home/darren/Desktop/Prob_Project_ws/install/model_gazebo/share/model_gazebo/worlds
copying worlds/turtlebot3_house.world -> /home/darren/Desktop/Prob_Project_ws/install/model_gazebo/share/model_gazebo/worlds
running install_egg_info
Copying ../../build/model_gazebo/model_gazebo.egg-info to /home/darren/Desktop/Prob_Project_ws/install/model_gazebo/lib/python3.11/site-packages/model_gazebo-0.0.0-py3.11.egg-info
running install_scripts
writing list of installed files to '/home/darren/Desktop/Prob_Project_ws/build/model_gazebo/install.log'
