running egg_info
creating ../../build/model_description/model_description.egg-info
writing ../../build/model_description/model_description.egg-info/PKG-INFO
writing dependency_links to ../../build/model_description/model_description.egg-info/dependency_links.txt
writing entry points to ../../build/model_description/model_description.egg-info/entry_points.txt
writing requirements to ../../build/model_description/model_description.egg-info/requires.txt
writing top-level names to ../../build/model_description/model_description.egg-info/top_level.txt
writing manifest file '../../build/model_description/model_description.egg-info/SOURCES.txt'
reading manifest file '../../build/model_description/model_description.egg-info/SOURCES.txt'
writing manifest file '../../build/model_description/model_description.egg-info/SOURCES.txt'
running build
running build_py
creating /home/han/prob_project_ws/build/model_description/build
creating /home/han/prob_project_ws/build/model_description/build/lib
creating /home/han/prob_project_ws/build/model_description/build/lib/model_description
copying model_description/__init__.py -> /home/han/prob_project_ws/build/model_description/build/lib/model_description
running install
running install_lib
creating /home/han/prob_project_ws/install/model_description/lib/python3.10/site-packages/model_description
copying /home/han/prob_project_ws/build/model_description/build/lib/model_description/__init__.py -> /home/han/prob_project_ws/install/model_description/lib/python3.10/site-packages/model_description
byte-compiling /home/han/prob_project_ws/install/model_description/lib/python3.10/site-packages/model_description/__init__.py to __init__.cpython-310.pyc
running install_data
creating /home/han/prob_project_ws/install/model_description/share/ament_index
creating /home/han/prob_project_ws/install/model_description/share/ament_index/resource_index
creating /home/han/prob_project_ws/install/model_description/share/ament_index/resource_index/packages
copying resource/model_description -> /home/han/prob_project_ws/install/model_description/share/ament_index/resource_index/packages
copying package.xml -> /home/han/prob_project_ws/install/model_description/share/model_description
creating /home/han/prob_project_ws/install/model_description/share/model_description/launch
copying launch/display.launch.py -> /home/han/prob_project_ws/install/model_description/share/model_description/launch
creating /home/han/prob_project_ws/install/model_description/share/model_description/urdf
copying urdf/fish_bot_test.urdf -> /home/han/prob_project_ws/install/model_description/share/model_description/urdf
copying urdf/LeKiwi.urdf -> /home/han/prob_project_ws/install/model_description/share/model_description/urdf
creating /home/han/prob_project_ws/install/model_description/share/model_description/meshes
copying meshes/Battery---Battery-5.2-Ah-DC5521-Plug-v2.stl -> /home/han/prob_project_ws/install/model_description/share/model_description/meshes
copying meshes/SO_ARM100_08k_Asym_Mirror_Clip-v1.stl -> /home/han/prob_project_ws/install/model_description/share/model_description/meshes
copying meshes/WaveShare_Mounting_Plate_01d-v1.stl -> /home/han/prob_project_ws/install/model_description/share/model_description/meshes
copying meshes/servo_controller_mount-v3.stl -> /home/han/prob_project_ws/install/model_description/share/model_description/meshes
copying meshes/4-Omni-Directional-Wheel_Single_Body-v1-2.stl -> /home/han/prob_project_ws/install/model_description/share/model_description/meshes
copying meshes/Wrist-Camera-Mount-v11.stl -> /home/han/prob_project_ws/install/model_description/share/model_description/meshes
copying meshes/Camera-Model-v3-1.stl -> /home/han/prob_project_ws/install/model_description/share/model_description/meshes
copying meshes/ST3215_Servo_Motor-v1-1.stl -> /home/han/prob_project_ws/install/model_description/share/model_description/meshes
copying meshes/STS3215_03a-v1-3.stl -> /home/han/prob_project_ws/install/model_description/share/model_description/meshes
copying meshes/4-Omni-Directional-Wheel_Single_Body-v1-1.stl -> /home/han/prob_project_ws/install/model_description/share/model_description/meshes
copying meshes/base_plate_layer1-v5.stl -> /home/han/prob_project_ws/install/model_description/share/model_description/meshes
copying meshes/STS3215_03a-v1-4.stl -> /home/han/prob_project_ws/install/model_description/share/model_description/meshes
copying meshes/ST3215_Servo_Motor-v1.stl -> /home/han/prob_project_ws/install/model_description/share/model_description/meshes
copying meshes/Wrist_Roll_08c-v1.stl -> /home/han/prob_project_ws/install/model_description/share/model_description/meshes
copying meshes/Wrist_Roll_Pitch_08i-v1.stl -> /home/han/prob_project_ws/install/model_description/share/model_description/meshes
copying meshes/drive_motor_mount-v11-1.stl -> /home/han/prob_project_ws/install/model_description/share/model_description/meshes
copying meshes/STS3215_03a-v1-2.stl -> /home/han/prob_project_ws/install/model_description/share/model_description/meshes
copying meshes/omni_wheel_mount-v5-1.stl -> /home/han/prob_project_ws/install/model_description/share/model_description/meshes
copying meshes/94868A713_NO-THREADS_Female-Threaded-Hex-Standoff-4.stl -> /home/han/prob_project_ws/install/model_description/share/model_description/meshes
copying meshes/Top-V2-v2.stl -> /home/han/prob_project_ws/install/model_description/share/model_description/meshes
copying meshes/94868A713_NO-THREADS_Female-Threaded-Hex-Standoff-2.stl -> /home/han/prob_project_ws/install/model_description/share/model_description/meshes
copying meshes/ST3215_Servo_Motor-v1-2.stl -> /home/han/prob_project_ws/install/model_description/share/model_description/meshes
copying meshes/STS3215_03a_Wrist_Roll-v1.stl -> /home/han/prob_project_ws/install/model_description/share/model_description/meshes
copying meshes/94868A713_NO-THREADS_Female-Threaded-Hex-Standoff-1.stl -> /home/han/prob_project_ws/install/model_description/share/model_description/meshes
copying meshes/SO_ARM100_08k_116_Square-v1.stl -> /home/han/prob_project_ws/install/model_description/share/model_description/meshes
copying meshes/Moving_Jaw_08d-v1.stl -> /home/han/prob_project_ws/install/model_description/share/model_description/meshes
copying meshes/base_plate_layer2-v3.stl -> /home/han/prob_project_ws/install/model_description/share/model_description/meshes
copying meshes/4-Omni-Directional-Wheel_Single_Body-v1.stl -> /home/han/prob_project_ws/install/model_description/share/model_description/meshes
copying meshes/lipo_battery_mount-v3.stl -> /home/han/prob_project_ws/install/model_description/share/model_description/meshes
copying meshes/Camera-Mount-v8.stl -> /home/han/prob_project_ws/install/model_description/share/model_description/meshes
copying meshes/Passive_Horn_01-v1.stl -> /home/han/prob_project_ws/install/model_description/share/model_description/meshes
copying meshes/94868A713_NO-THREADS_Female-Threaded-Hex-Standoff-3.stl -> /home/han/prob_project_ws/install/model_description/share/model_description/meshes
copying meshes/drive_motor_mount-v11.stl -> /home/han/prob_project_ws/install/model_description/share/model_description/meshes
copying meshes/Rotation_Pitch_08i-v1.stl -> /home/han/prob_project_ws/install/model_description/share/model_description/meshes
copying meshes/94868A713_NO-THREADS_Female-Threaded-Hex-Standoff-5.stl -> /home/han/prob_project_ws/install/model_description/share/model_description/meshes
copying meshes/drive_motor_mount-v11-2.stl -> /home/han/prob_project_ws/install/model_description/share/model_description/meshes
copying meshes/STS3215_03a-v1-1.stl -> /home/han/prob_project_ws/install/model_description/share/model_description/meshes
copying meshes/SO_ARM100_08k_Mirror-v1.stl -> /home/han/prob_project_ws/install/model_description/share/model_description/meshes
copying meshes/Bottom-V2-v3.stl -> /home/han/prob_project_ws/install/model_description/share/model_description/meshes
copying meshes/Camera-Model-v3.stl -> /home/han/prob_project_ws/install/model_description/share/model_description/meshes
copying meshes/omni_wheel_mount-v5.stl -> /home/han/prob_project_ws/install/model_description/share/model_description/meshes
copying meshes/omni_wheel_mount-v5-2.stl -> /home/han/prob_project_ws/install/model_description/share/model_description/meshes
copying meshes/94868A713_NO-THREADS_Female-Threaded-Hex-Standoff.stl -> /home/han/prob_project_ws/install/model_description/share/model_description/meshes
copying meshes/Base_08q-v1.stl -> /home/han/prob_project_ws/install/model_description/share/model_description/meshes
copying meshes/STS3215_03a-v1.stl -> /home/han/prob_project_ws/install/model_description/share/model_description/meshes
running install_egg_info
Copying ../../build/model_description/model_description.egg-info to /home/han/prob_project_ws/install/model_description/lib/python3.10/site-packages/model_description-0.0.0-py3.10.egg-info
running install_scripts
writing list of installed files to '/home/han/prob_project_ws/build/model_description/install.log'
