[0.525s] Invoking command in '/home/darren/Desktop/Prob_Project_ws/src/model_gazebo': AMENT_PREFIX_PATH=/home/darren/Desktop/Prob_Project_ws/install/model_description:/home/darren/Desktop/Prob_Project_ws/install/model_gazebo:/home/darren/miniconda3/envs/ros_env CONDA_PROMPT_MODIFIER=(ros_env) DEBUGINFOD_URLS=https://debuginfod.ubuntu.com PYTHONPATH=/home/darren/Desktop/Prob_Project_ws/build/model_gazebo/prefix_override:/home/darren/miniconda3/envs/ros_env/lib/python3.11/site-packages/colcon_core/task/python/colcon_distutils_commands:/home/darren/Desktop/Prob_Project_ws/install/model_gazebo/lib/python3.11/site-packages:/home/darren/Desktop/Prob_Project_ws/install/model_description/lib/python3.11/site-packages:/home/darren/Desktop/Prob_Project_ws/install/model_gazebo/lib/python3.11/site-packages:/home/darren/miniconda3/envs/ros_env/lib/python311/site-packages:/home/darren/miniconda3/envs/ros_env/lib/python3.11/site-packages /home/darren/miniconda3/envs/ros_env/bin/python3.11 -W ignore:setup.py install is deprecated -W ignore:easy_install command is deprecated setup.py egg_info --egg-base ../../build/model_gazebo build --build-base /home/darren/Desktop/Prob_Project_ws/build/model_gazebo/build install --record /home/darren/Desktop/Prob_Project_ws/build/model_gazebo/install.log --single-version-externally-managed install_data
[0.717s] running egg_info
[0.728s] writing ../../build/model_gazebo/model_gazebo.egg-info/PKG-INFO
[0.729s] writing dependency_links to ../../build/model_gazebo/model_gazebo.egg-info/dependency_links.txt
[0.729s] writing requirements to ../../build/model_gazebo/model_gazebo.egg-info/requires.txt
[0.729s] writing top-level names to ../../build/model_gazebo/model_gazebo.egg-info/top_level.txt
[0.753s] reading manifest file '../../build/model_gazebo/model_gazebo.egg-info/SOURCES.txt'
[0.754s] writing manifest file '../../build/model_gazebo/model_gazebo.egg-info/SOURCES.txt'
[0.754s] running build
[0.755s] running build_py
[0.755s] copying model_gazebo/__init__.py -> /home/darren/Desktop/Prob_Project_ws/build/model_gazebo/build/lib/model_gazebo
[0.755s] running install
[0.759s] running install_lib
[0.771s] running install_data
[0.771s] copying resource/model_gazebo -> /home/darren/Desktop/Prob_Project_ws/install/model_gazebo/share/ament_index/resource_index/packages
[0.771s] copying package.xml -> /home/darren/Desktop/Prob_Project_ws/install/model_gazebo/share/model_gazebo
[0.771s] copying launch/model_in_gazebo.launch.py -> /home/darren/Desktop/Prob_Project_ws/install/model_gazebo/share/model_gazebo
[0.772s] copying worlds/turtlebot3_house.world -> /home/darren/Desktop/Prob_Project_ws/install/model_gazebo/share/model_gazebo/worlds
[0.772s] running install_egg_info
[0.784s] removing '/home/darren/Desktop/Prob_Project_ws/install/model_gazebo/lib/python3.11/site-packages/model_gazebo-0.0.0-py3.11.egg-info' (and everything under it)
[0.785s] Copying ../../build/model_gazebo/model_gazebo.egg-info to /home/darren/Desktop/Prob_Project_ws/install/model_gazebo/lib/python3.11/site-packages/model_gazebo-0.0.0-py3.11.egg-info
[0.785s] running install_scripts
[0.809s] writing list of installed files to '/home/darren/Desktop/Prob_Project_ws/build/model_gazebo/install.log'
[0.832s] Invoked command in '/home/darren/Desktop/Prob_Project_ws/src/model_gazebo' returned '0': AMENT_PREFIX_PATH=/home/darren/Desktop/Prob_Project_ws/install/model_description:/home/darren/Desktop/Prob_Project_ws/install/model_gazebo:/home/darren/miniconda3/envs/ros_env CONDA_PROMPT_MODIFIER=(ros_env) DEBUGINFOD_URLS=https://debuginfod.ubuntu.com PYTHONPATH=/home/darren/Desktop/Prob_Project_ws/build/model_gazebo/prefix_override:/home/darren/miniconda3/envs/ros_env/lib/python3.11/site-packages/colcon_core/task/python/colcon_distutils_commands:/home/darren/Desktop/Prob_Project_ws/install/model_gazebo/lib/python3.11/site-packages:/home/darren/Desktop/Prob_Project_ws/install/model_description/lib/python3.11/site-packages:/home/darren/Desktop/Prob_Project_ws/install/model_gazebo/lib/python3.11/site-packages:/home/darren/miniconda3/envs/ros_env/lib/python311/site-packages:/home/darren/miniconda3/envs/ros_env/lib/python3.11/site-packages /home/darren/miniconda3/envs/ros_env/bin/python3.11 -W ignore:setup.py install is deprecated -W ignore:easy_install command is deprecated setup.py egg_info --egg-base ../../build/model_gazebo build --build-base /home/darren/Desktop/Prob_Project_ws/build/model_gazebo/build install --record /home/darren/Desktop/Prob_Project_ws/build/model_gazebo/install.log --single-version-externally-managed install_data
