[0.063s] DEBUG:colcon:Command line arguments: ['/usr/bin/colcon', 'build']
[0.063s] DEBUG:colcon:Parsed command line arguments: Namespace(log_base=None, log_level=None, verb_name='build', build_base='build', install_base='install', merge_install=False, symlink_install=False, test_result_base=None, continue_on_error=False, executor='parallel', parallel_workers=16, event_handlers=None, ignore_user_meta=False, metas=['./colcon.meta'], base_paths=['.'], packages_ignore=None, packages_ignore_regex=None, paths=None, packages_up_to=None, packages_up_to_regex=None, packages_above=None, packages_above_and_dependencies=None, packages_above_depth=None, packages_select_by_dep=None, packages_skip_by_dep=None, packages_skip_up_to=None, packages_select_build_failed=False, packages_skip_build_finished=False, packages_select_test_failures=False, packages_skip_test_passed=False, packages_select=None, packages_skip=None, packages_select_regex=None, packages_skip_regex=None, packages_start=None, packages_end=None, allow_overriding=[], cmake_args=None, cmake_target=None, cmake_target_skip_unavailable=False, cmake_clean_cache=False, cmake_clean_first=False, cmake_force_configure=False, ament_cmake_args=None, catkin_cmake_args=None, catkin_skip_building_tests=False, mixin_files=None, mixin=None, verb_parser=<colcon_mixin.mixin.mixin_argument.MixinArgumentDecorator object at 0x70dee17579a0>, verb_extension=<colcon_core.verb.build.BuildVerb object at 0x70dee1757310>, main=<bound method BuildVerb.main of <colcon_core.verb.build.BuildVerb object at 0x70dee1757310>>, mixin_verb=('build',))
[0.165s] Level 1:colcon.colcon_core.package_discovery:discover_packages(colcon_meta) check parameters
[0.165s] Level 1:colcon.colcon_core.package_discovery:discover_packages(recursive) check parameters
[0.165s] Level 1:colcon.colcon_core.package_discovery:discover_packages(ignore) check parameters
[0.165s] Level 1:colcon.colcon_core.package_discovery:discover_packages(path) check parameters
[0.165s] Level 1:colcon.colcon_core.package_discovery:discover_packages(colcon_meta) discover
[0.165s] Level 1:colcon.colcon_core.package_discovery:discover_packages(recursive) discover
[0.165s] INFO:colcon.colcon_core.package_discovery:Crawling recursively for packages in '/home/han/prob_project_ws'
[0.165s] Level 1:colcon.colcon_core.package_identification:_identify(.) by extensions ['ignore', 'ignore_ament_install']
[0.165s] Level 1:colcon.colcon_core.package_identification:_identify(.) by extension 'ignore'
[0.165s] Level 1:colcon.colcon_core.package_identification:_identify(.) by extension 'ignore_ament_install'
[0.165s] Level 1:colcon.colcon_core.package_identification:_identify(.) by extensions ['colcon_pkg']
[0.165s] Level 1:colcon.colcon_core.package_identification:_identify(.) by extension 'colcon_pkg'
[0.165s] Level 1:colcon.colcon_core.package_identification:_identify(.) by extensions ['colcon_meta']
[0.165s] Level 1:colcon.colcon_core.package_identification:_identify(.) by extension 'colcon_meta'
[0.165s] Level 1:colcon.colcon_core.package_identification:_identify(.) by extensions ['ros']
[0.165s] Level 1:colcon.colcon_core.package_identification:_identify(.) by extension 'ros'
[0.170s] Level 1:colcon.colcon_core.package_identification:_identify(.) by extensions ['cmake', 'python']
[0.170s] Level 1:colcon.colcon_core.package_identification:_identify(.) by extension 'cmake'
[0.170s] Level 1:colcon.colcon_core.package_identification:_identify(.) by extension 'python'
[0.170s] Level 1:colcon.colcon_core.package_identification:_identify(.) by extensions ['python_setup_py']
[0.170s] Level 1:colcon.colcon_core.package_identification:_identify(.) by extension 'python_setup_py'
[0.170s] Level 1:colcon.colcon_core.package_identification:_identify(build) by extensions ['ignore', 'ignore_ament_install']
[0.170s] Level 1:colcon.colcon_core.package_identification:_identify(build) by extension 'ignore'
[0.170s] Level 1:colcon.colcon_core.package_identification:_identify(build) ignored
[0.171s] Level 1:colcon.colcon_core.package_identification:_identify(install) by extensions ['ignore', 'ignore_ament_install']
[0.171s] Level 1:colcon.colcon_core.package_identification:_identify(install) by extension 'ignore'
[0.171s] Level 1:colcon.colcon_core.package_identification:_identify(install) ignored
[0.171s] Level 1:colcon.colcon_core.package_identification:_identify(log) by extensions ['ignore', 'ignore_ament_install']
[0.171s] Level 1:colcon.colcon_core.package_identification:_identify(log) by extension 'ignore'
[0.171s] Level 1:colcon.colcon_core.package_identification:_identify(log) ignored
[0.171s] Level 1:colcon.colcon_core.package_identification:_identify(src) by extensions ['ignore', 'ignore_ament_install']
[0.171s] Level 1:colcon.colcon_core.package_identification:_identify(src) by extension 'ignore'
[0.171s] Level 1:colcon.colcon_core.package_identification:_identify(src) by extension 'ignore_ament_install'
[0.171s] Level 1:colcon.colcon_core.package_identification:_identify(src) by extensions ['colcon_pkg']
[0.171s] Level 1:colcon.colcon_core.package_identification:_identify(src) by extension 'colcon_pkg'
[0.171s] Level 1:colcon.colcon_core.package_identification:_identify(src) by extensions ['colcon_meta']
[0.171s] Level 1:colcon.colcon_core.package_identification:_identify(src) by extension 'colcon_meta'
[0.171s] Level 1:colcon.colcon_core.package_identification:_identify(src) by extensions ['ros']
[0.171s] Level 1:colcon.colcon_core.package_identification:_identify(src) by extension 'ros'
[0.171s] Level 1:colcon.colcon_core.package_identification:_identify(src) by extensions ['cmake', 'python']
[0.171s] Level 1:colcon.colcon_core.package_identification:_identify(src) by extension 'cmake'
[0.171s] Level 1:colcon.colcon_core.package_identification:_identify(src) by extension 'python'
[0.171s] Level 1:colcon.colcon_core.package_identification:_identify(src) by extensions ['python_setup_py']
[0.171s] Level 1:colcon.colcon_core.package_identification:_identify(src) by extension 'python_setup_py'
[0.171s] Level 1:colcon.colcon_core.package_identification:_identify(src/model_description) by extensions ['ignore', 'ignore_ament_install']
[0.171s] Level 1:colcon.colcon_core.package_identification:_identify(src/model_description) by extension 'ignore'
[0.171s] Level 1:colcon.colcon_core.package_identification:_identify(src/model_description) by extension 'ignore_ament_install'
[0.171s] Level 1:colcon.colcon_core.package_identification:_identify(src/model_description) by extensions ['colcon_pkg']
[0.171s] Level 1:colcon.colcon_core.package_identification:_identify(src/model_description) by extension 'colcon_pkg'
[0.171s] Level 1:colcon.colcon_core.package_identification:_identify(src/model_description) by extensions ['colcon_meta']
[0.171s] Level 1:colcon.colcon_core.package_identification:_identify(src/model_description) by extension 'colcon_meta'
[0.171s] Level 1:colcon.colcon_core.package_identification:_identify(src/model_description) by extensions ['ros']
[0.171s] Level 1:colcon.colcon_core.package_identification:_identify(src/model_description) by extension 'ros'
[0.172s] DEBUG:colcon.colcon_core.package_identification:Package 'src/model_description' with type 'ros.ament_python' and name 'model_description'
[0.172s] Level 1:colcon.colcon_core.package_identification:_identify(src/model_gazebo) by extensions ['ignore', 'ignore_ament_install']
[0.172s] Level 1:colcon.colcon_core.package_identification:_identify(src/model_gazebo) by extension 'ignore'
[0.173s] Level 1:colcon.colcon_core.package_identification:_identify(src/model_gazebo) by extension 'ignore_ament_install'
[0.173s] Level 1:colcon.colcon_core.package_identification:_identify(src/model_gazebo) by extensions ['colcon_pkg']
[0.173s] Level 1:colcon.colcon_core.package_identification:_identify(src/model_gazebo) by extension 'colcon_pkg'
[0.173s] Level 1:colcon.colcon_core.package_identification:_identify(src/model_gazebo) by extensions ['colcon_meta']
[0.173s] Level 1:colcon.colcon_core.package_identification:_identify(src/model_gazebo) by extension 'colcon_meta'
[0.173s] Level 1:colcon.colcon_core.package_identification:_identify(src/model_gazebo) by extensions ['ros']
[0.173s] Level 1:colcon.colcon_core.package_identification:_identify(src/model_gazebo) by extension 'ros'
[0.173s] DEBUG:colcon.colcon_core.package_identification:Package 'src/model_gazebo' with type 'ros.ament_python' and name 'model_gazebo'
[0.173s] Level 1:colcon.colcon_core.package_discovery:discover_packages(recursive) using defaults
[0.173s] Level 1:colcon.colcon_core.package_discovery:discover_packages(ignore) discover
[0.173s] Level 1:colcon.colcon_core.package_discovery:discover_packages(ignore) using defaults
[0.173s] Level 1:colcon.colcon_core.package_discovery:discover_packages(path) discover
[0.173s] Level 1:colcon.colcon_core.package_discovery:discover_packages(path) using defaults
[0.191s] Level 1:colcon.colcon_core.package_discovery:discover_packages(prefix_path) check parameters
[0.191s] Level 1:colcon.colcon_core.package_discovery:discover_packages(prefix_path) discover
[0.193s] DEBUG:colcon.colcon_installed_package_information.package_discovery:Found 7 installed packages in /home/han/ros2_ws/install
[0.194s] DEBUG:colcon.colcon_installed_package_information.package_discovery:Found 436 installed packages in /opt/ros/humble
[0.194s] Level 1:colcon.colcon_core.package_discovery:discover_packages(prefix_path) using defaults
[0.215s] Level 5:colcon.colcon_core.verb:set package 'model_description' build argument 'cmake_args' from command line to 'None'
[0.215s] Level 5:colcon.colcon_core.verb:set package 'model_description' build argument 'cmake_target' from command line to 'None'
[0.215s] Level 5:colcon.colcon_core.verb:set package 'model_description' build argument 'cmake_target_skip_unavailable' from command line to 'False'
[0.215s] Level 5:colcon.colcon_core.verb:set package 'model_description' build argument 'cmake_clean_cache' from command line to 'False'
[0.215s] Level 5:colcon.colcon_core.verb:set package 'model_description' build argument 'cmake_clean_first' from command line to 'False'
[0.215s] Level 5:colcon.colcon_core.verb:set package 'model_description' build argument 'cmake_force_configure' from command line to 'False'
[0.215s] Level 5:colcon.colcon_core.verb:set package 'model_description' build argument 'ament_cmake_args' from command line to 'None'
[0.215s] Level 5:colcon.colcon_core.verb:set package 'model_description' build argument 'catkin_cmake_args' from command line to 'None'
[0.215s] Level 5:colcon.colcon_core.verb:set package 'model_description' build argument 'catkin_skip_building_tests' from command line to 'False'
[0.215s] DEBUG:colcon.colcon_core.verb:Building package 'model_description' with the following arguments: {'ament_cmake_args': None, 'build_base': '/home/han/prob_project_ws/build/model_description', 'catkin_cmake_args': None, 'catkin_skip_building_tests': False, 'cmake_args': None, 'cmake_clean_cache': False, 'cmake_clean_first': False, 'cmake_force_configure': False, 'cmake_target': None, 'cmake_target_skip_unavailable': False, 'install_base': '/home/han/prob_project_ws/install/model_description', 'merge_install': False, 'path': '/home/han/prob_project_ws/src/model_description', 'symlink_install': False, 'test_result_base': None}
[0.215s] Level 5:colcon.colcon_core.verb:set package 'model_gazebo' build argument 'cmake_args' from command line to 'None'
[0.215s] Level 5:colcon.colcon_core.verb:set package 'model_gazebo' build argument 'cmake_target' from command line to 'None'
[0.215s] Level 5:colcon.colcon_core.verb:set package 'model_gazebo' build argument 'cmake_target_skip_unavailable' from command line to 'False'
[0.215s] Level 5:colcon.colcon_core.verb:set package 'model_gazebo' build argument 'cmake_clean_cache' from command line to 'False'
[0.215s] Level 5:colcon.colcon_core.verb:set package 'model_gazebo' build argument 'cmake_clean_first' from command line to 'False'
[0.215s] Level 5:colcon.colcon_core.verb:set package 'model_gazebo' build argument 'cmake_force_configure' from command line to 'False'
[0.215s] Level 5:colcon.colcon_core.verb:set package 'model_gazebo' build argument 'ament_cmake_args' from command line to 'None'
[0.215s] Level 5:colcon.colcon_core.verb:set package 'model_gazebo' build argument 'catkin_cmake_args' from command line to 'None'
[0.215s] Level 5:colcon.colcon_core.verb:set package 'model_gazebo' build argument 'catkin_skip_building_tests' from command line to 'False'
[0.215s] DEBUG:colcon.colcon_core.verb:Building package 'model_gazebo' with the following arguments: {'ament_cmake_args': None, 'build_base': '/home/han/prob_project_ws/build/model_gazebo', 'catkin_cmake_args': None, 'catkin_skip_building_tests': False, 'cmake_args': None, 'cmake_clean_cache': False, 'cmake_clean_first': False, 'cmake_force_configure': False, 'cmake_target': None, 'cmake_target_skip_unavailable': False, 'install_base': '/home/han/prob_project_ws/install/model_gazebo', 'merge_install': False, 'path': '/home/han/prob_project_ws/src/model_gazebo', 'symlink_install': False, 'test_result_base': None}
[0.215s] INFO:colcon.colcon_core.executor:Executing jobs using 'parallel' executor
[0.216s] DEBUG:colcon.colcon_parallel_executor.executor.parallel:run_until_complete
[0.216s] INFO:colcon.colcon_ros.task.ament_python.build:Building ROS package in '/home/han/prob_project_ws/src/model_description' with build type 'ament_python'
[0.216s] Level 1:colcon.colcon_core.shell:create_environment_hook('model_description', 'ament_prefix_path')
[0.218s] INFO:colcon.colcon_core.plugin_system:Skipping extension 'colcon_core.shell.bat': Not used on non-Windows systems
[0.218s] INFO:colcon.colcon_core.shell:Creating environment hook '/home/han/prob_project_ws/install/model_description/share/model_description/hook/ament_prefix_path.ps1'
[0.219s] INFO:colcon.colcon_core.shell:Creating environment descriptor '/home/han/prob_project_ws/install/model_description/share/model_description/hook/ament_prefix_path.dsv'
[0.219s] INFO:colcon.colcon_core.shell:Creating environment hook '/home/han/prob_project_ws/install/model_description/share/model_description/hook/ament_prefix_path.sh'
[0.219s] INFO:colcon.colcon_core.shell:Skip shell extension 'powershell' for command environment: Not usable outside of PowerShell
[0.219s] DEBUG:colcon.colcon_core.shell:Skip shell extension 'dsv' for command environment
[0.324s] INFO:colcon.colcon_core.task.python.build:Building Python package in '/home/han/prob_project_ws/src/model_description'
[0.325s] INFO:colcon.colcon_core.shell:Skip shell extension 'powershell' for command environment: Not usable outside of PowerShell
[0.325s] DEBUG:colcon.colcon_core.shell:Skip shell extension 'dsv' for command environment
[0.515s] DEBUG:colcon.colcon_core.event_handler.log_command:Invoking command in '/home/han/prob_project_ws/src/model_description': PYTHONPATH=/home/han/prob_project_ws/build/model_description/prefix_override:/usr/lib/python3/dist-packages/colcon_core/task/python/colcon_distutils_commands:/home/han/prob_project_ws/install/model_description/lib/python3.10/site-packages:${PYTHONPATH} /usr/bin/python3 -W ignore:setup.py install is deprecated -W ignore:easy_install command is deprecated setup.py egg_info --egg-base ../../build/model_description build --build-base /home/han/prob_project_ws/build/model_description/build install --record /home/han/prob_project_ws/build/model_description/install.log --single-version-externally-managed install_data
[0.628s] DEBUG:colcon.colcon_core.event_handler.log_command:Invoked command in '/home/han/prob_project_ws/src/model_description' returned '0': PYTHONPATH=/home/han/prob_project_ws/build/model_description/prefix_override:/usr/lib/python3/dist-packages/colcon_core/task/python/colcon_distutils_commands:/home/han/prob_project_ws/install/model_description/lib/python3.10/site-packages:${PYTHONPATH} /usr/bin/python3 -W ignore:setup.py install is deprecated -W ignore:easy_install command is deprecated setup.py egg_info --egg-base ../../build/model_description build --build-base /home/han/prob_project_ws/build/model_description/build install --record /home/han/prob_project_ws/build/model_description/install.log --single-version-externally-managed install_data
[0.630s] Level 1:colcon.colcon_core.environment:checking '/home/han/prob_project_ws/install/model_description' for CMake module files
[0.630s] Level 1:colcon.colcon_core.environment:checking '/home/han/prob_project_ws/install/model_description' for CMake config files
[0.631s] Level 1:colcon.colcon_core.environment:checking '/home/han/prob_project_ws/install/model_description/lib'
[0.631s] Level 1:colcon.colcon_core.environment:checking '/home/han/prob_project_ws/install/model_description/bin'
[0.631s] Level 1:colcon.colcon_core.environment:checking '/home/han/prob_project_ws/install/model_description/lib/pkgconfig/model_description.pc'
[0.631s] Level 1:colcon.colcon_core.environment:checking '/home/han/prob_project_ws/install/model_description/lib/python3.10/site-packages'
[0.631s] Level 1:colcon.colcon_core.shell:create_environment_hook('model_description', 'pythonpath')
[0.631s] INFO:colcon.colcon_core.shell:Creating environment hook '/home/han/prob_project_ws/install/model_description/share/model_description/hook/pythonpath.ps1'
[0.631s] INFO:colcon.colcon_core.shell:Creating environment descriptor '/home/han/prob_project_ws/install/model_description/share/model_description/hook/pythonpath.dsv'
[0.631s] INFO:colcon.colcon_core.shell:Creating environment hook '/home/han/prob_project_ws/install/model_description/share/model_description/hook/pythonpath.sh'
[0.632s] Level 1:colcon.colcon_core.environment:checking '/home/han/prob_project_ws/install/model_description/bin'
[0.632s] Level 1:colcon.colcon_core.environment:create_environment_scripts_only(model_description)
[0.632s] INFO:colcon.colcon_core.shell:Creating package script '/home/han/prob_project_ws/install/model_description/share/model_description/package.ps1'
[0.632s] INFO:colcon.colcon_core.shell:Creating package descriptor '/home/han/prob_project_ws/install/model_description/share/model_description/package.dsv'
[0.632s] INFO:colcon.colcon_core.shell:Creating package script '/home/han/prob_project_ws/install/model_description/share/model_description/package.sh'
[0.633s] INFO:colcon.colcon_core.shell:Creating package script '/home/han/prob_project_ws/install/model_description/share/model_description/package.bash'
[0.633s] INFO:colcon.colcon_core.shell:Creating package script '/home/han/prob_project_ws/install/model_description/share/model_description/package.zsh'
[0.634s] Level 1:colcon.colcon_core.environment:create_file_with_runtime_dependencies(/home/han/prob_project_ws/install/model_description/share/colcon-core/packages/model_description)
[0.634s] INFO:colcon.colcon_ros.task.ament_python.build:Building ROS package in '/home/han/prob_project_ws/src/model_gazebo' with build type 'ament_python'
[0.634s] Level 1:colcon.colcon_core.shell:create_environment_hook('model_gazebo', 'ament_prefix_path')
[0.634s] INFO:colcon.colcon_core.shell:Creating environment hook '/home/han/prob_project_ws/install/model_gazebo/share/model_gazebo/hook/ament_prefix_path.ps1'
[0.634s] INFO:colcon.colcon_core.shell:Creating environment descriptor '/home/han/prob_project_ws/install/model_gazebo/share/model_gazebo/hook/ament_prefix_path.dsv'
[0.635s] INFO:colcon.colcon_core.shell:Creating environment hook '/home/han/prob_project_ws/install/model_gazebo/share/model_gazebo/hook/ament_prefix_path.sh'
[0.635s] INFO:colcon.colcon_core.shell:Skip shell extension 'powershell' for command environment: Not usable outside of PowerShell
[0.635s] DEBUG:colcon.colcon_core.shell:Skip shell extension 'dsv' for command environment
[0.734s] INFO:colcon.colcon_core.task.python.build:Building Python package in '/home/han/prob_project_ws/src/model_gazebo'
[0.734s] INFO:colcon.colcon_core.shell:Skip shell extension 'powershell' for command environment: Not usable outside of PowerShell
[0.734s] DEBUG:colcon.colcon_core.shell:Skip shell extension 'dsv' for command environment
[0.878s] DEBUG:colcon.colcon_core.event_handler.log_command:Invoking command in '/home/han/prob_project_ws/src/model_gazebo': AMENT_PREFIX_PATH=/home/han/prob_project_ws/install/model_description:${AMENT_PREFIX_PATH} PYTHONPATH=/home/han/prob_project_ws/build/model_gazebo/prefix_override:/usr/lib/python3/dist-packages/colcon_core/task/python/colcon_distutils_commands:/home/han/prob_project_ws/install/model_gazebo/lib/python3.10/site-packages:/home/han/prob_project_ws/install/model_description/lib/python3.10/site-packages:${PYTHONPATH} /usr/bin/python3 -W ignore:setup.py install is deprecated -W ignore:easy_install command is deprecated setup.py egg_info --egg-base ../../build/model_gazebo build --build-base /home/han/prob_project_ws/build/model_gazebo/build install --record /home/han/prob_project_ws/build/model_gazebo/install.log --single-version-externally-managed install_data
[0.988s] Level 1:colcon.colcon_core.environment:checking '/home/han/prob_project_ws/install/model_gazebo' for CMake module files
[0.989s] DEBUG:colcon.colcon_core.event_handler.log_command:Invoked command in '/home/han/prob_project_ws/src/model_gazebo' returned '0': AMENT_PREFIX_PATH=/home/han/prob_project_ws/install/model_description:${AMENT_PREFIX_PATH} PYTHONPATH=/home/han/prob_project_ws/build/model_gazebo/prefix_override:/usr/lib/python3/dist-packages/colcon_core/task/python/colcon_distutils_commands:/home/han/prob_project_ws/install/model_gazebo/lib/python3.10/site-packages:/home/han/prob_project_ws/install/model_description/lib/python3.10/site-packages:${PYTHONPATH} /usr/bin/python3 -W ignore:setup.py install is deprecated -W ignore:easy_install command is deprecated setup.py egg_info --egg-base ../../build/model_gazebo build --build-base /home/han/prob_project_ws/build/model_gazebo/build install --record /home/han/prob_project_ws/build/model_gazebo/install.log --single-version-externally-managed install_data
[0.989s] Level 1:colcon.colcon_core.environment:checking '/home/han/prob_project_ws/install/model_gazebo' for CMake config files
[0.989s] Level 1:colcon.colcon_core.environment:checking '/home/han/prob_project_ws/install/model_gazebo/lib'
[0.989s] Level 1:colcon.colcon_core.environment:checking '/home/han/prob_project_ws/install/model_gazebo/bin'
[0.989s] Level 1:colcon.colcon_core.environment:checking '/home/han/prob_project_ws/install/model_gazebo/lib/pkgconfig/model_gazebo.pc'
[0.989s] Level 1:colcon.colcon_core.environment:checking '/home/han/prob_project_ws/install/model_gazebo/lib/python3.10/site-packages'
[0.989s] Level 1:colcon.colcon_core.shell:create_environment_hook('model_gazebo', 'pythonpath')
[0.989s] INFO:colcon.colcon_core.shell:Creating environment hook '/home/han/prob_project_ws/install/model_gazebo/share/model_gazebo/hook/pythonpath.ps1'
[0.990s] INFO:colcon.colcon_core.shell:Creating environment descriptor '/home/han/prob_project_ws/install/model_gazebo/share/model_gazebo/hook/pythonpath.dsv'
[0.990s] INFO:colcon.colcon_core.shell:Creating environment hook '/home/han/prob_project_ws/install/model_gazebo/share/model_gazebo/hook/pythonpath.sh'
[0.990s] Level 1:colcon.colcon_core.environment:checking '/home/han/prob_project_ws/install/model_gazebo/bin'
[0.990s] Level 1:colcon.colcon_core.environment:create_environment_scripts_only(model_gazebo)
[0.990s] INFO:colcon.colcon_core.shell:Creating package script '/home/han/prob_project_ws/install/model_gazebo/share/model_gazebo/package.ps1'
[0.990s] INFO:colcon.colcon_core.shell:Creating package descriptor '/home/han/prob_project_ws/install/model_gazebo/share/model_gazebo/package.dsv'
[0.990s] INFO:colcon.colcon_core.shell:Creating package script '/home/han/prob_project_ws/install/model_gazebo/share/model_gazebo/package.sh'
[0.991s] INFO:colcon.colcon_core.shell:Creating package script '/home/han/prob_project_ws/install/model_gazebo/share/model_gazebo/package.bash'
[0.991s] INFO:colcon.colcon_core.shell:Creating package script '/home/han/prob_project_ws/install/model_gazebo/share/model_gazebo/package.zsh'
[0.991s] Level 1:colcon.colcon_core.environment:create_file_with_runtime_dependencies(/home/han/prob_project_ws/install/model_gazebo/share/colcon-core/packages/model_gazebo)
[0.991s] DEBUG:colcon.colcon_parallel_executor.executor.parallel:closing loop
[0.991s] DEBUG:colcon.colcon_parallel_executor.executor.parallel:loop closed
[0.991s] DEBUG:colcon.colcon_parallel_executor.executor.parallel:run_until_complete finished with '0'
[0.991s] DEBUG:colcon.colcon_core.event_reactor:joining thread
[0.994s] INFO:colcon.colcon_core.plugin_system:Skipping extension 'colcon_notification.desktop_notification.terminal_notifier': Not used on non-Darwin systems
[0.994s] INFO:colcon.colcon_core.plugin_system:Skipping extension 'colcon_notification.desktop_notification.win32': Not used on non-Windows systems
[0.994s] INFO:colcon.colcon_notification.desktop_notification:Sending desktop notification using 'notify2'
[0.999s] DEBUG:colcon.colcon_core.event_reactor:joined thread
[0.999s] INFO:colcon.colcon_core.shell:Creating prefix script '/home/han/prob_project_ws/install/local_setup.ps1'
[1.000s] INFO:colcon.colcon_core.shell:Creating prefix util module '/home/han/prob_project_ws/install/_local_setup_util_ps1.py'
[1.001s] INFO:colcon.colcon_core.shell:Creating prefix chain script '/home/han/prob_project_ws/install/setup.ps1'
[1.001s] INFO:colcon.colcon_core.shell:Creating prefix script '/home/han/prob_project_ws/install/local_setup.sh'
[1.002s] INFO:colcon.colcon_core.shell:Creating prefix util module '/home/han/prob_project_ws/install/_local_setup_util_sh.py'
[1.002s] INFO:colcon.colcon_core.shell:Creating prefix chain script '/home/han/prob_project_ws/install/setup.sh'
[1.003s] INFO:colcon.colcon_core.shell:Creating prefix script '/home/han/prob_project_ws/install/local_setup.bash'
[1.003s] INFO:colcon.colcon_core.shell:Creating prefix chain script '/home/han/prob_project_ws/install/setup.bash'
[1.004s] INFO:colcon.colcon_core.shell:Creating prefix script '/home/han/prob_project_ws/install/local_setup.zsh'
[1.004s] INFO:colcon.colcon_core.shell:Creating prefix chain script '/home/han/prob_project_ws/install/setup.zsh'
