/home/darren/Desktop/Prob_Project_ws/install/model_description/lib/python3.11/site-packages/model_description/__init__.py
/home/darren/Desktop/Prob_Project_ws/install/model_description/lib/python3.11/site-packages/model_description/__pycache__/__init__.cpython-311.pyc
/home/darren/Desktop/Prob_Project_ws/install/model_description/share/ament_index/resource_index/packages/model_description
/home/darren/Desktop/Prob_Project_ws/install/model_description/share/model_description/package.xml
/home/darren/Desktop/Prob_Project_ws/install/model_description/share/model_description/launch/display.launch.py
/home/darren/Desktop/Prob_Project_ws/install/model_description/share/model_description/urdf/LeKiwi.urdf
/home/darren/Desktop/Prob_Project_ws/install/model_description/share/model_description/urdf/fish_bot_test.urdf
/home/darren/Desktop/Prob_Project_ws/install/model_description/share/model_description/urdf/LeKiwi_simplified.urdf
/home/darren/Desktop/Prob_Project_ws/install/model_description/share/model_description/meshes/4-Omni-Directional-Wheel_Single_Body-v1-1.stl
/home/darren/Desktop/Prob_Project_ws/install/model_description/share/model_description/meshes/94868A713_NO-THREADS_Female-Threaded-Hex-Standoff-3.stl
/home/darren/Desktop/Prob_Project_ws/install/model_description/share/model_description/meshes/Bottom-V2-v3.stl
/home/darren/Desktop/Prob_Project_ws/install/model_description/share/model_description/meshes/WaveShare_Mounting_Plate_01d-v1.stl
/home/darren/Desktop/Prob_Project_ws/install/model_description/share/model_description/meshes/Passive_Horn_01-v1.stl
/home/darren/Desktop/Prob_Project_ws/install/model_description/share/model_description/meshes/Wrist-Camera-Mount-v11.stl
/home/darren/Desktop/Prob_Project_ws/install/model_description/share/model_description/meshes/base_plate_layer2-v3.stl
/home/darren/Desktop/Prob_Project_ws/install/model_description/share/model_description/meshes/STS3215_03a-v1-4.stl
/home/darren/Desktop/Prob_Project_ws/install/model_description/share/model_description/meshes/94868A713_NO-THREADS_Female-Threaded-Hex-Standoff-5.stl
/home/darren/Desktop/Prob_Project_ws/install/model_description/share/model_description/meshes/STS3215_03a-v1-1.stl
/home/darren/Desktop/Prob_Project_ws/install/model_description/share/model_description/meshes/drive_motor_mount-v11-2.stl
/home/darren/Desktop/Prob_Project_ws/install/model_description/share/model_description/meshes/94868A713_NO-THREADS_Female-Threaded-Hex-Standoff.stl
/home/darren/Desktop/Prob_Project_ws/install/model_description/share/model_description/meshes/ST3215_Servo_Motor-v1-1.stl
/home/darren/Desktop/Prob_Project_ws/install/model_description/share/model_description/meshes/servo_controller_mount-v3.stl
/home/darren/Desktop/Prob_Project_ws/install/model_description/share/model_description/meshes/STS3215_03a_Wrist_Roll-v1.stl
/home/darren/Desktop/Prob_Project_ws/install/model_description/share/model_description/meshes/omni_wheel_mount-v5-1.stl
/home/darren/Desktop/Prob_Project_ws/install/model_description/share/model_description/meshes/SO_ARM100_08k_Mirror-v1.stl
/home/darren/Desktop/Prob_Project_ws/install/model_description/share/model_description/meshes/Camera-Mount-v8.stl
/home/darren/Desktop/Prob_Project_ws/install/model_description/share/model_description/meshes/Moving_Jaw_08d-v1.stl
/home/darren/Desktop/Prob_Project_ws/install/model_description/share/model_description/meshes/4-Omni-Directional-Wheel_Single_Body-v1-2.stl
/home/darren/Desktop/Prob_Project_ws/install/model_description/share/model_description/meshes/SO_ARM100_08k_116_Square-v1.stl
/home/darren/Desktop/Prob_Project_ws/install/model_description/share/model_description/meshes/drive_motor_mount-v11-1.stl
/home/darren/Desktop/Prob_Project_ws/install/model_description/share/model_description/meshes/94868A713_NO-THREADS_Female-Threaded-Hex-Standoff-2.stl
/home/darren/Desktop/Prob_Project_ws/install/model_description/share/model_description/meshes/STS3215_03a-v1-3.stl
/home/darren/Desktop/Prob_Project_ws/install/model_description/share/model_description/meshes/omni_wheel_mount-v5-2.stl
/home/darren/Desktop/Prob_Project_ws/install/model_description/share/model_description/meshes/Wrist_Roll_Pitch_08i-v1.stl
/home/darren/Desktop/Prob_Project_ws/install/model_description/share/model_description/meshes/STS3215_03a-v1.stl
/home/darren/Desktop/Prob_Project_ws/install/model_description/share/model_description/meshes/Top-V2-v2.stl
/home/darren/Desktop/Prob_Project_ws/install/model_description/share/model_description/meshes/Camera-Model-v3.stl
/home/darren/Desktop/Prob_Project_ws/install/model_description/share/model_description/meshes/SO_ARM100_08k_Asym_Mirror_Clip-v1.stl
/home/darren/Desktop/Prob_Project_ws/install/model_description/share/model_description/meshes/lipo_battery_mount-v3.stl
/home/darren/Desktop/Prob_Project_ws/install/model_description/share/model_description/meshes/Rotation_Pitch_08i-v1.stl
/home/darren/Desktop/Prob_Project_ws/install/model_description/share/model_description/meshes/omni_wheel_mount-v5.stl
/home/darren/Desktop/Prob_Project_ws/install/model_description/share/model_description/meshes/Wrist_Roll_08c-v1.stl
/home/darren/Desktop/Prob_Project_ws/install/model_description/share/model_description/meshes/STS3215_03a-v1-2.stl
/home/darren/Desktop/Prob_Project_ws/install/model_description/share/model_description/meshes/drive_motor_mount-v11.stl
/home/darren/Desktop/Prob_Project_ws/install/model_description/share/model_description/meshes/base_plate_layer1-v5.stl
/home/darren/Desktop/Prob_Project_ws/install/model_description/share/model_description/meshes/4-Omni-Directional-Wheel_Single_Body-v1.stl
/home/darren/Desktop/Prob_Project_ws/install/model_description/share/model_description/meshes/ST3215_Servo_Motor-v1-2.stl
/home/darren/Desktop/Prob_Project_ws/install/model_description/share/model_description/meshes/94868A713_NO-THREADS_Female-Threaded-Hex-Standoff-1.stl
/home/darren/Desktop/Prob_Project_ws/install/model_description/share/model_description/meshes/94868A713_NO-THREADS_Female-Threaded-Hex-Standoff-4.stl
/home/darren/Desktop/Prob_Project_ws/install/model_description/share/model_description/meshes/Base_08q-v1.stl
/home/darren/Desktop/Prob_Project_ws/install/model_description/share/model_description/meshes/Camera-Model-v3-1.stl
/home/darren/Desktop/Prob_Project_ws/install/model_description/share/model_description/meshes/Battery---Battery-5.2-Ah-DC5521-Plug-v2.stl
/home/darren/Desktop/Prob_Project_ws/install/model_description/share/model_description/meshes/ST3215_Servo_Motor-v1.stl
/home/darren/Desktop/Prob_Project_ws/install/model_description/lib/python3.11/site-packages/model_description-0.0.0-py3.11.egg-info/SOURCES.txt
/home/darren/Desktop/Prob_Project_ws/install/model_description/lib/python3.11/site-packages/model_description-0.0.0-py3.11.egg-info/PKG-INFO
/home/darren/Desktop/Prob_Project_ws/install/model_description/lib/python3.11/site-packages/model_description-0.0.0-py3.11.egg-info/dependency_links.txt
/home/darren/Desktop/Prob_Project_ws/install/model_description/lib/python3.11/site-packages/model_description-0.0.0-py3.11.egg-info/top_level.txt
/home/darren/Desktop/Prob_Project_ws/install/model_description/lib/python3.11/site-packages/model_description-0.0.0-py3.11.egg-info/zip-safe
/home/darren/Desktop/Prob_Project_ws/install/model_description/lib/python3.11/site-packages/model_description-0.0.0-py3.11.egg-info/requires.txt
