[0.062s] DEBUG:colcon:Command line arguments: ['/usr/bin/colcon', 'build']
[0.062s] DEBUG:colcon:Parsed command line arguments: Namespace(log_base=None, log_level=None, verb_name='build', build_base='build', install_base='install', merge_install=False, symlink_install=False, test_result_base=None, continue_on_error=False, executor='parallel', parallel_workers=16, event_handlers=None, ignore_user_meta=False, metas=['./colcon.meta'], base_paths=['.'], packages_ignore=None, packages_ignore_regex=None, paths=None, packages_up_to=None, packages_up_to_regex=None, packages_above=None, packages_above_and_dependencies=None, packages_above_depth=None, packages_select_by_dep=None, packages_skip_by_dep=None, packages_skip_up_to=None, packages_select_build_failed=False, packages_skip_build_finished=False, packages_select_test_failures=False, packages_skip_test_passed=False, packages_select=None, packages_skip=None, packages_select_regex=None, packages_skip_regex=None, packages_start=None, packages_end=None, allow_overriding=[], cmake_args=None, cmake_target=None, cmake_target_skip_unavailable=False, cmake_clean_cache=False, cmake_clean_first=False, cmake_force_configure=False, ament_cmake_args=None, catkin_cmake_args=None, catkin_skip_building_tests=False, mixin_files=None, mixin=None, verb_parser=<colcon_mixin.mixin.mixin_argument.MixinArgumentDecorator object at 0x7504bcb94160>, verb_extension=<colcon_core.verb.build.BuildVerb object at 0x7504bcb5ba90>, main=<bound method BuildVerb.main of <colcon_core.verb.build.BuildVerb object at 0x7504bcb5ba90>>, mixin_verb=('build',))
[0.139s] Level 1:colcon.colcon_core.package_discovery:discover_packages(colcon_meta) check parameters
[0.139s] Level 1:colcon.colcon_core.package_discovery:discover_packages(recursive) check parameters
[0.139s] Level 1:colcon.colcon_core.package_discovery:discover_packages(ignore) check parameters
[0.139s] Level 1:colcon.colcon_core.package_discovery:discover_packages(path) check parameters
[0.139s] Level 1:colcon.colcon_core.package_discovery:discover_packages(colcon_meta) discover
[0.139s] Level 1:colcon.colcon_core.package_discovery:discover_packages(recursive) discover
[0.139s] INFO:colcon.colcon_core.package_discovery:Crawling recursively for packages in '/home/han/prob_project_ws'
[0.139s] Level 1:colcon.colcon_core.package_identification:_identify(.) by extensions ['ignore', 'ignore_ament_install']
[0.139s] Level 1:colcon.colcon_core.package_identification:_identify(.) by extension 'ignore'
[0.139s] Level 1:colcon.colcon_core.package_identification:_identify(.) by extension 'ignore_ament_install'
[0.139s] Level 1:colcon.colcon_core.package_identification:_identify(.) by extensions ['colcon_pkg']
[0.139s] Level 1:colcon.colcon_core.package_identification:_identify(.) by extension 'colcon_pkg'
[0.139s] Level 1:colcon.colcon_core.package_identification:_identify(.) by extensions ['colcon_meta']
[0.139s] Level 1:colcon.colcon_core.package_identification:_identify(.) by extension 'colcon_meta'
[0.139s] Level 1:colcon.colcon_core.package_identification:_identify(.) by extensions ['ros']
[0.139s] Level 1:colcon.colcon_core.package_identification:_identify(.) by extension 'ros'
[0.143s] Level 1:colcon.colcon_core.package_identification:_identify(.) by extensions ['cmake', 'python']
[0.143s] Level 1:colcon.colcon_core.package_identification:_identify(.) by extension 'cmake'
[0.143s] Level 1:colcon.colcon_core.package_identification:_identify(.) by extension 'python'
[0.143s] Level 1:colcon.colcon_core.package_identification:_identify(.) by extensions ['python_setup_py']
[0.143s] Level 1:colcon.colcon_core.package_identification:_identify(.) by extension 'python_setup_py'
[0.143s] Level 1:colcon.colcon_core.package_identification:_identify(build) by extensions ['ignore', 'ignore_ament_install']
[0.143s] Level 1:colcon.colcon_core.package_identification:_identify(build) by extension 'ignore'
[0.143s] Level 1:colcon.colcon_core.package_identification:_identify(build) ignored
[0.143s] Level 1:colcon.colcon_core.package_identification:_identify(install) by extensions ['ignore', 'ignore_ament_install']
[0.143s] Level 1:colcon.colcon_core.package_identification:_identify(install) by extension 'ignore'
[0.143s] Level 1:colcon.colcon_core.package_identification:_identify(install) ignored
[0.144s] Level 1:colcon.colcon_core.package_identification:_identify(log) by extensions ['ignore', 'ignore_ament_install']
[0.144s] Level 1:colcon.colcon_core.package_identification:_identify(log) by extension 'ignore'
[0.144s] Level 1:colcon.colcon_core.package_identification:_identify(log) ignored
[0.144s] Level 1:colcon.colcon_core.package_identification:_identify(src) by extensions ['ignore', 'ignore_ament_install']
[0.144s] Level 1:colcon.colcon_core.package_identification:_identify(src) by extension 'ignore'
[0.144s] Level 1:colcon.colcon_core.package_identification:_identify(src) by extension 'ignore_ament_install'
[0.144s] Level 1:colcon.colcon_core.package_identification:_identify(src) by extensions ['colcon_pkg']
[0.144s] Level 1:colcon.colcon_core.package_identification:_identify(src) by extension 'colcon_pkg'
[0.144s] Level 1:colcon.colcon_core.package_identification:_identify(src) by extensions ['colcon_meta']
[0.144s] Level 1:colcon.colcon_core.package_identification:_identify(src) by extension 'colcon_meta'
[0.144s] Level 1:colcon.colcon_core.package_identification:_identify(src) by extensions ['ros']
[0.144s] Level 1:colcon.colcon_core.package_identification:_identify(src) by extension 'ros'
[0.144s] Level 1:colcon.colcon_core.package_identification:_identify(src) by extensions ['cmake', 'python']
[0.144s] Level 1:colcon.colcon_core.package_identification:_identify(src) by extension 'cmake'
[0.144s] Level 1:colcon.colcon_core.package_identification:_identify(src) by extension 'python'
[0.144s] Level 1:colcon.colcon_core.package_identification:_identify(src) by extensions ['python_setup_py']
[0.144s] Level 1:colcon.colcon_core.package_identification:_identify(src) by extension 'python_setup_py'
[0.144s] Level 1:colcon.colcon_core.package_identification:_identify(src/model_description) by extensions ['ignore', 'ignore_ament_install']
[0.144s] Level 1:colcon.colcon_core.package_identification:_identify(src/model_description) by extension 'ignore'
[0.144s] Level 1:colcon.colcon_core.package_identification:_identify(src/model_description) by extension 'ignore_ament_install'
[0.144s] Level 1:colcon.colcon_core.package_identification:_identify(src/model_description) by extensions ['colcon_pkg']
[0.144s] Level 1:colcon.colcon_core.package_identification:_identify(src/model_description) by extension 'colcon_pkg'
[0.144s] Level 1:colcon.colcon_core.package_identification:_identify(src/model_description) by extensions ['colcon_meta']
[0.144s] Level 1:colcon.colcon_core.package_identification:_identify(src/model_description) by extension 'colcon_meta'
[0.144s] Level 1:colcon.colcon_core.package_identification:_identify(src/model_description) by extensions ['ros']
[0.144s] Level 1:colcon.colcon_core.package_identification:_identify(src/model_description) by extension 'ros'
[0.145s] DEBUG:colcon.colcon_core.package_identification:Package 'src/model_description' with type 'ros.ament_python' and name 'model_description'
[0.145s] Level 1:colcon.colcon_core.package_identification:_identify(src/model_gazebo) by extensions ['ignore', 'ignore_ament_install']
[0.145s] Level 1:colcon.colcon_core.package_identification:_identify(src/model_gazebo) by extension 'ignore'
[0.145s] Level 1:colcon.colcon_core.package_identification:_identify(src/model_gazebo) by extension 'ignore_ament_install'
[0.145s] Level 1:colcon.colcon_core.package_identification:_identify(src/model_gazebo) by extensions ['colcon_pkg']
[0.145s] Level 1:colcon.colcon_core.package_identification:_identify(src/model_gazebo) by extension 'colcon_pkg'
[0.145s] Level 1:colcon.colcon_core.package_identification:_identify(src/model_gazebo) by extensions ['colcon_meta']
[0.145s] Level 1:colcon.colcon_core.package_identification:_identify(src/model_gazebo) by extension 'colcon_meta'
[0.145s] Level 1:colcon.colcon_core.package_identification:_identify(src/model_gazebo) by extensions ['ros']
[0.145s] Level 1:colcon.colcon_core.package_identification:_identify(src/model_gazebo) by extension 'ros'
[0.146s] DEBUG:colcon.colcon_core.package_identification:Package 'src/model_gazebo' with type 'ros.ament_python' and name 'model_gazebo'
[0.146s] Level 1:colcon.colcon_core.package_discovery:discover_packages(recursive) using defaults
[0.146s] Level 1:colcon.colcon_core.package_discovery:discover_packages(ignore) discover
[0.146s] Level 1:colcon.colcon_core.package_discovery:discover_packages(ignore) using defaults
[0.146s] Level 1:colcon.colcon_core.package_discovery:discover_packages(path) discover
[0.146s] Level 1:colcon.colcon_core.package_discovery:discover_packages(path) using defaults
[0.158s] Level 1:colcon.colcon_core.package_discovery:discover_packages(prefix_path) check parameters
[0.158s] Level 1:colcon.colcon_core.package_discovery:discover_packages(prefix_path) discover
[0.159s] WARNING:colcon.colcon_ros.prefix_path.ament:The path '/home/han/prob_project_ws/install/model_gazebo' in the environment variable AMENT_PREFIX_PATH doesn't exist
[0.159s] WARNING:colcon.colcon_ros.prefix_path.ament:The path '/home/han/prob_project_ws/install/model_description' in the environment variable AMENT_PREFIX_PATH doesn't exist
[0.159s] DEBUG:colcon.colcon_installed_package_information.package_discovery:Found 0 installed packages in /home/han/prob_project_ws/install
[0.159s] DEBUG:colcon.colcon_installed_package_information.package_discovery:Found 7 installed packages in /home/han/ros2_ws/install
[0.160s] DEBUG:colcon.colcon_installed_package_information.package_discovery:Found 436 installed packages in /opt/ros/humble
[0.161s] Level 1:colcon.colcon_core.package_discovery:discover_packages(prefix_path) using defaults
[0.184s] Level 5:colcon.colcon_core.verb:set package 'model_description' build argument 'cmake_args' from command line to 'None'
[0.184s] Level 5:colcon.colcon_core.verb:set package 'model_description' build argument 'cmake_target' from command line to 'None'
[0.184s] Level 5:colcon.colcon_core.verb:set package 'model_description' build argument 'cmake_target_skip_unavailable' from command line to 'False'
[0.184s] Level 5:colcon.colcon_core.verb:set package 'model_description' build argument 'cmake_clean_cache' from command line to 'False'
[0.184s] Level 5:colcon.colcon_core.verb:set package 'model_description' build argument 'cmake_clean_first' from command line to 'False'
[0.184s] Level 5:colcon.colcon_core.verb:set package 'model_description' build argument 'cmake_force_configure' from command line to 'False'
[0.184s] Level 5:colcon.colcon_core.verb:set package 'model_description' build argument 'ament_cmake_args' from command line to 'None'
[0.184s] Level 5:colcon.colcon_core.verb:set package 'model_description' build argument 'catkin_cmake_args' from command line to 'None'
[0.184s] Level 5:colcon.colcon_core.verb:set package 'model_description' build argument 'catkin_skip_building_tests' from command line to 'False'
[0.184s] DEBUG:colcon.colcon_core.verb:Building package 'model_description' with the following arguments: {'ament_cmake_args': None, 'build_base': '/home/han/prob_project_ws/build/model_description', 'catkin_cmake_args': None, 'catkin_skip_building_tests': False, 'cmake_args': None, 'cmake_clean_cache': False, 'cmake_clean_first': False, 'cmake_force_configure': False, 'cmake_target': None, 'cmake_target_skip_unavailable': False, 'install_base': '/home/han/prob_project_ws/install/model_description', 'merge_install': False, 'path': '/home/han/prob_project_ws/src/model_description', 'symlink_install': False, 'test_result_base': None}
[0.184s] Level 5:colcon.colcon_core.verb:set package 'model_gazebo' build argument 'cmake_args' from command line to 'None'
[0.184s] Level 5:colcon.colcon_core.verb:set package 'model_gazebo' build argument 'cmake_target' from command line to 'None'
[0.184s] Level 5:colcon.colcon_core.verb:set package 'model_gazebo' build argument 'cmake_target_skip_unavailable' from command line to 'False'
[0.184s] Level 5:colcon.colcon_core.verb:set package 'model_gazebo' build argument 'cmake_clean_cache' from command line to 'False'
[0.184s] Level 5:colcon.colcon_core.verb:set package 'model_gazebo' build argument 'cmake_clean_first' from command line to 'False'
[0.184s] Level 5:colcon.colcon_core.verb:set package 'model_gazebo' build argument 'cmake_force_configure' from command line to 'False'
[0.184s] Level 5:colcon.colcon_core.verb:set package 'model_gazebo' build argument 'ament_cmake_args' from command line to 'None'
[0.184s] Level 5:colcon.colcon_core.verb:set package 'model_gazebo' build argument 'catkin_cmake_args' from command line to 'None'
[0.184s] Level 5:colcon.colcon_core.verb:set package 'model_gazebo' build argument 'catkin_skip_building_tests' from command line to 'False'
[0.184s] DEBUG:colcon.colcon_core.verb:Building package 'model_gazebo' with the following arguments: {'ament_cmake_args': None, 'build_base': '/home/han/prob_project_ws/build/model_gazebo', 'catkin_cmake_args': None, 'catkin_skip_building_tests': False, 'cmake_args': None, 'cmake_clean_cache': False, 'cmake_clean_first': False, 'cmake_force_configure': False, 'cmake_target': None, 'cmake_target_skip_unavailable': False, 'install_base': '/home/han/prob_project_ws/install/model_gazebo', 'merge_install': False, 'path': '/home/han/prob_project_ws/src/model_gazebo', 'symlink_install': False, 'test_result_base': None}
[0.184s] INFO:colcon.colcon_core.executor:Executing jobs using 'parallel' executor
[0.185s] DEBUG:colcon.colcon_parallel_executor.executor.parallel:run_until_complete
[0.185s] INFO:colcon.colcon_ros.task.ament_python.build:Building ROS package in '/home/han/prob_project_ws/src/model_description' with build type 'ament_python'
[0.185s] Level 1:colcon.colcon_core.shell:create_environment_hook('model_description', 'ament_prefix_path')
[0.186s] INFO:colcon.colcon_core.plugin_system:Skipping extension 'colcon_core.shell.bat': Not used on non-Windows systems
[0.186s] INFO:colcon.colcon_core.shell:Creating environment hook '/home/han/prob_project_ws/install/model_description/share/model_description/hook/ament_prefix_path.ps1'
[0.186s] INFO:colcon.colcon_core.shell:Creating environment descriptor '/home/han/prob_project_ws/install/model_description/share/model_description/hook/ament_prefix_path.dsv'
[0.186s] INFO:colcon.colcon_core.shell:Creating environment hook '/home/han/prob_project_ws/install/model_description/share/model_description/hook/ament_prefix_path.sh'
[0.187s] INFO:colcon.colcon_core.shell:Skip shell extension 'powershell' for command environment: Not usable outside of PowerShell
[0.187s] DEBUG:colcon.colcon_core.shell:Skip shell extension 'dsv' for command environment
[0.293s] INFO:colcon.colcon_core.task.python.build:Building Python package in '/home/han/prob_project_ws/src/model_description'
[0.293s] INFO:colcon.colcon_core.shell:Skip shell extension 'powershell' for command environment: Not usable outside of PowerShell
[0.293s] DEBUG:colcon.colcon_core.shell:Skip shell extension 'dsv' for command environment
[0.450s] DEBUG:colcon.colcon_core.event_handler.log_command:Invoking command in '/home/han/prob_project_ws/src/model_description': PYTHONPATH=/home/han/prob_project_ws/build/model_description/prefix_override:/usr/lib/python3/dist-packages/colcon_core/task/python/colcon_distutils_commands:/home/han/prob_project_ws/install/model_description/lib/python3.10/site-packages:${PYTHONPATH} /usr/bin/python3 -W ignore:setup.py install is deprecated -W ignore:easy_install command is deprecated setup.py egg_info --egg-base ../../build/model_description build --build-base /home/han/prob_project_ws/build/model_description/build install --record /home/han/prob_project_ws/build/model_description/install.log --single-version-externally-managed install_data
[0.589s] DEBUG:colcon.colcon_core.event_handler.log_command:Invoked command in '/home/han/prob_project_ws/src/model_description' returned '0': PYTHONPATH=/home/han/prob_project_ws/build/model_description/prefix_override:/usr/lib/python3/dist-packages/colcon_core/task/python/colcon_distutils_commands:/home/han/prob_project_ws/install/model_description/lib/python3.10/site-packages:${PYTHONPATH} /usr/bin/python3 -W ignore:setup.py install is deprecated -W ignore:easy_install command is deprecated setup.py egg_info --egg-base ../../build/model_description build --build-base /home/han/prob_project_ws/build/model_description/build install --record /home/han/prob_project_ws/build/model_description/install.log --single-version-externally-managed install_data
[0.590s] Level 1:colcon.colcon_core.environment:checking '/home/han/prob_project_ws/install/model_description' for CMake module files
[0.590s] Level 1:colcon.colcon_core.environment:checking '/home/han/prob_project_ws/install/model_description' for CMake config files
[0.591s] Level 1:colcon.colcon_core.environment:checking '/home/han/prob_project_ws/install/model_description/lib'
[0.591s] Level 1:colcon.colcon_core.environment:checking '/home/han/prob_project_ws/install/model_description/bin'
[0.591s] Level 1:colcon.colcon_core.environment:checking '/home/han/prob_project_ws/install/model_description/lib/pkgconfig/model_description.pc'
[0.591s] Level 1:colcon.colcon_core.environment:checking '/home/han/prob_project_ws/install/model_description/lib/python3.10/site-packages'
[0.591s] Level 1:colcon.colcon_core.shell:create_environment_hook('model_description', 'pythonpath')
[0.591s] INFO:colcon.colcon_core.shell:Creating environment hook '/home/han/prob_project_ws/install/model_description/share/model_description/hook/pythonpath.ps1'
[0.591s] INFO:colcon.colcon_core.shell:Creating environment descriptor '/home/han/prob_project_ws/install/model_description/share/model_description/hook/pythonpath.dsv'
[0.592s] INFO:colcon.colcon_core.shell:Creating environment hook '/home/han/prob_project_ws/install/model_description/share/model_description/hook/pythonpath.sh'
[0.592s] Level 1:colcon.colcon_core.environment:checking '/home/han/prob_project_ws/install/model_description/bin'
[0.592s] Level 1:colcon.colcon_core.environment:create_environment_scripts_only(model_description)
[0.592s] INFO:colcon.colcon_core.shell:Creating package script '/home/han/prob_project_ws/install/model_description/share/model_description/package.ps1'
[0.592s] INFO:colcon.colcon_core.shell:Creating package descriptor '/home/han/prob_project_ws/install/model_description/share/model_description/package.dsv'
[0.592s] INFO:colcon.colcon_core.shell:Creating package script '/home/han/prob_project_ws/install/model_description/share/model_description/package.sh'
[0.593s] INFO:colcon.colcon_core.shell:Creating package script '/home/han/prob_project_ws/install/model_description/share/model_description/package.bash'
[0.593s] INFO:colcon.colcon_core.shell:Creating package script '/home/han/prob_project_ws/install/model_description/share/model_description/package.zsh'
[0.593s] Level 1:colcon.colcon_core.environment:create_file_with_runtime_dependencies(/home/han/prob_project_ws/install/model_description/share/colcon-core/packages/model_description)
[0.593s] INFO:colcon.colcon_ros.task.ament_python.build:Building ROS package in '/home/han/prob_project_ws/src/model_gazebo' with build type 'ament_python'
[0.593s] Level 1:colcon.colcon_core.shell:create_environment_hook('model_gazebo', 'ament_prefix_path')
[0.593s] INFO:colcon.colcon_core.shell:Creating environment hook '/home/han/prob_project_ws/install/model_gazebo/share/model_gazebo/hook/ament_prefix_path.ps1'
[0.594s] INFO:colcon.colcon_core.shell:Creating environment descriptor '/home/han/prob_project_ws/install/model_gazebo/share/model_gazebo/hook/ament_prefix_path.dsv'
[0.594s] INFO:colcon.colcon_core.shell:Creating environment hook '/home/han/prob_project_ws/install/model_gazebo/share/model_gazebo/hook/ament_prefix_path.sh'
[0.594s] INFO:colcon.colcon_core.shell:Skip shell extension 'powershell' for command environment: Not usable outside of PowerShell
[0.594s] DEBUG:colcon.colcon_core.shell:Skip shell extension 'dsv' for command environment
[0.712s] INFO:colcon.colcon_core.task.python.build:Building Python package in '/home/han/prob_project_ws/src/model_gazebo'
[0.712s] INFO:colcon.colcon_core.shell:Skip shell extension 'powershell' for command environment: Not usable outside of PowerShell
[0.713s] DEBUG:colcon.colcon_core.shell:Skip shell extension 'dsv' for command environment
[0.869s] DEBUG:colcon.colcon_core.event_handler.log_command:Invoking command in '/home/han/prob_project_ws/src/model_gazebo': AMENT_PREFIX_PATH=/home/han/prob_project_ws/install/model_description:/home/han/prob_project_ws/install/model_gazebo:/home/han/ros2_ws/install/turtlebot3_simulations:/home/han/ros2_ws/install/turtlebot3_gazebo:/home/han/ros2_ws/install/turtlebot3_fake_node:/home/han/ros2_ws/install/prob_rob_labs:/home/han/ros2_ws/install/prob_rob_vision:/home/han/ros2_ws/install/prob_rob_msgs:/home/han/ros2_ws/install/lab_gazebo_models:/opt/ros/humble PYTHONPATH=/home/han/prob_project_ws/build/model_gazebo/prefix_override:/usr/lib/python3/dist-packages/colcon_core/task/python/colcon_distutils_commands:/home/han/prob_project_ws/install/model_gazebo/lib/python3.10/site-packages:/home/han/prob_project_ws/install/model_description/lib/python3.10/site-packages:/home/han/prob_project_ws/install/model_gazebo/lib/python3.10/site-packages:/home/han/ros2_ws/build/prob_rob_labs/src:/home/han/ros2_ws/install/prob_rob_labs/lib/python3.10/site-packages:/home/han/ros2_ws/install/prob_rob_msgs/local/lib/python3.10/dist-packages:/opt/ros/humble/lib/python3.10/site-packages:/opt/ros/humble/local/lib/python3.10/dist-packages /usr/bin/python3 -W ignore:setup.py install is deprecated -W ignore:easy_install command is deprecated setup.py egg_info --egg-base ../../build/model_gazebo build --build-base /home/han/prob_project_ws/build/model_gazebo/build install --record /home/han/prob_project_ws/build/model_gazebo/install.log --single-version-externally-managed install_data
[0.986s] Level 1:colcon.colcon_core.environment:checking '/home/han/prob_project_ws/install/model_gazebo' for CMake module files
[0.986s] DEBUG:colcon.colcon_core.event_handler.log_command:Invoked command in '/home/han/prob_project_ws/src/model_gazebo' returned '0': AMENT_PREFIX_PATH=/home/han/prob_project_ws/install/model_description:/home/han/prob_project_ws/install/model_gazebo:/home/han/ros2_ws/install/turtlebot3_simulations:/home/han/ros2_ws/install/turtlebot3_gazebo:/home/han/ros2_ws/install/turtlebot3_fake_node:/home/han/ros2_ws/install/prob_rob_labs:/home/han/ros2_ws/install/prob_rob_vision:/home/han/ros2_ws/install/prob_rob_msgs:/home/han/ros2_ws/install/lab_gazebo_models:/opt/ros/humble PYTHONPATH=/home/han/prob_project_ws/build/model_gazebo/prefix_override:/usr/lib/python3/dist-packages/colcon_core/task/python/colcon_distutils_commands:/home/han/prob_project_ws/install/model_gazebo/lib/python3.10/site-packages:/home/han/prob_project_ws/install/model_description/lib/python3.10/site-packages:/home/han/prob_project_ws/install/model_gazebo/lib/python3.10/site-packages:/home/han/ros2_ws/build/prob_rob_labs/src:/home/han/ros2_ws/install/prob_rob_labs/lib/python3.10/site-packages:/home/han/ros2_ws/install/prob_rob_msgs/local/lib/python3.10/dist-packages:/opt/ros/humble/lib/python3.10/site-packages:/opt/ros/humble/local/lib/python3.10/dist-packages /usr/bin/python3 -W ignore:setup.py install is deprecated -W ignore:easy_install command is deprecated setup.py egg_info --egg-base ../../build/model_gazebo build --build-base /home/han/prob_project_ws/build/model_gazebo/build install --record /home/han/prob_project_ws/build/model_gazebo/install.log --single-version-externally-managed install_data
[0.986s] Level 1:colcon.colcon_core.environment:checking '/home/han/prob_project_ws/install/model_gazebo' for CMake config files
[0.987s] Level 1:colcon.colcon_core.environment:checking '/home/han/prob_project_ws/install/model_gazebo/lib'
[0.987s] Level 1:colcon.colcon_core.environment:checking '/home/han/prob_project_ws/install/model_gazebo/bin'
[0.987s] Level 1:colcon.colcon_core.environment:checking '/home/han/prob_project_ws/install/model_gazebo/lib/pkgconfig/model_gazebo.pc'
[0.987s] Level 1:colcon.colcon_core.environment:checking '/home/han/prob_project_ws/install/model_gazebo/lib/python3.10/site-packages'
[0.987s] Level 1:colcon.colcon_core.shell:create_environment_hook('model_gazebo', 'pythonpath')
[0.987s] INFO:colcon.colcon_core.shell:Creating environment hook '/home/han/prob_project_ws/install/model_gazebo/share/model_gazebo/hook/pythonpath.ps1'
[0.987s] INFO:colcon.colcon_core.shell:Creating environment descriptor '/home/han/prob_project_ws/install/model_gazebo/share/model_gazebo/hook/pythonpath.dsv'
[0.987s] INFO:colcon.colcon_core.shell:Creating environment hook '/home/han/prob_project_ws/install/model_gazebo/share/model_gazebo/hook/pythonpath.sh'
[0.987s] Level 1:colcon.colcon_core.environment:checking '/home/han/prob_project_ws/install/model_gazebo/bin'
[0.987s] Level 1:colcon.colcon_core.environment:create_environment_scripts_only(model_gazebo)
[0.988s] INFO:colcon.colcon_core.shell:Creating package script '/home/han/prob_project_ws/install/model_gazebo/share/model_gazebo/package.ps1'
[0.988s] INFO:colcon.colcon_core.shell:Creating package descriptor '/home/han/prob_project_ws/install/model_gazebo/share/model_gazebo/package.dsv'
[0.988s] INFO:colcon.colcon_core.shell:Creating package script '/home/han/prob_project_ws/install/model_gazebo/share/model_gazebo/package.sh'
[0.988s] INFO:colcon.colcon_core.shell:Creating package script '/home/han/prob_project_ws/install/model_gazebo/share/model_gazebo/package.bash'
[0.988s] INFO:colcon.colcon_core.shell:Creating package script '/home/han/prob_project_ws/install/model_gazebo/share/model_gazebo/package.zsh'
[0.988s] Level 1:colcon.colcon_core.environment:create_file_with_runtime_dependencies(/home/han/prob_project_ws/install/model_gazebo/share/colcon-core/packages/model_gazebo)
[0.988s] DEBUG:colcon.colcon_parallel_executor.executor.parallel:closing loop
[0.988s] DEBUG:colcon.colcon_parallel_executor.executor.parallel:loop closed
[0.988s] DEBUG:colcon.colcon_parallel_executor.executor.parallel:run_until_complete finished with '0'
[0.988s] DEBUG:colcon.colcon_core.event_reactor:joining thread
[0.990s] INFO:colcon.colcon_core.plugin_system:Skipping extension 'colcon_notification.desktop_notification.terminal_notifier': Not used on non-Darwin systems
[0.990s] INFO:colcon.colcon_core.plugin_system:Skipping extension 'colcon_notification.desktop_notification.win32': Not used on non-Windows systems
[0.991s] INFO:colcon.colcon_notification.desktop_notification:Sending desktop notification using 'notify2'
[0.996s] DEBUG:colcon.colcon_core.event_reactor:joined thread
[0.996s] INFO:colcon.colcon_core.shell:Creating prefix script '/home/han/prob_project_ws/install/local_setup.ps1'
[0.997s] INFO:colcon.colcon_core.shell:Creating prefix util module '/home/han/prob_project_ws/install/_local_setup_util_ps1.py'
[0.999s] INFO:colcon.colcon_core.shell:Creating prefix chain script '/home/han/prob_project_ws/install/setup.ps1'
[1.000s] INFO:colcon.colcon_core.shell:Creating prefix script '/home/han/prob_project_ws/install/local_setup.sh'
[1.000s] INFO:colcon.colcon_core.shell:Creating prefix util module '/home/han/prob_project_ws/install/_local_setup_util_sh.py'
[1.001s] INFO:colcon.colcon_core.shell:Creating prefix chain script '/home/han/prob_project_ws/install/setup.sh'
[1.001s] INFO:colcon.colcon_core.shell:Creating prefix script '/home/han/prob_project_ws/install/local_setup.bash'
[1.002s] INFO:colcon.colcon_core.shell:Creating prefix chain script '/home/han/prob_project_ws/install/setup.bash'
[1.002s] INFO:colcon.colcon_core.shell:Creating prefix script '/home/han/prob_project_ws/install/local_setup.zsh'
[1.003s] INFO:colcon.colcon_core.shell:Creating prefix chain script '/home/han/prob_project_ws/install/setup.zsh'
