running egg_info
creating ../../build/model_gazebo/model_gazebo.egg-info
writing ../../build/model_gazebo/model_gazebo.egg-info/PKG-INFO
writing dependency_links to ../../build/model_gazebo/model_gazebo.egg-info/dependency_links.txt
writing entry points to ../../build/model_gazebo/model_gazebo.egg-info/entry_points.txt
writing requirements to ../../build/model_gazebo/model_gazebo.egg-info/requires.txt
writing top-level names to ../../build/model_gazebo/model_gazebo.egg-info/top_level.txt
writing manifest file '../../build/model_gazebo/model_gazebo.egg-info/SOURCES.txt'
reading manifest file '../../build/model_gazebo/model_gazebo.egg-info/SOURCES.txt'
writing manifest file '../../build/model_gazebo/model_gazebo.egg-info/SOURCES.txt'
running build
running build_py
creating /home/han/prob_project_ws/build/model_gazebo/build
creating /home/han/prob_project_ws/build/model_gazebo/build/lib
creating /home/han/prob_project_ws/build/model_gazebo/build/lib/model_gazebo
copying model_gazebo/__init__.py -> /home/han/prob_project_ws/build/model_gazebo/build/lib/model_gazebo
running install
running install_lib
creating /home/han/prob_project_ws/install/model_gazebo/lib/python3.10/site-packages/model_gazebo
copying /home/han/prob_project_ws/build/model_gazebo/build/lib/model_gazebo/__init__.py -> /home/han/prob_project_ws/install/model_gazebo/lib/python3.10/site-packages/model_gazebo
byte-compiling /home/han/prob_project_ws/install/model_gazebo/lib/python3.10/site-packages/model_gazebo/__init__.py to __init__.cpython-310.pyc
running install_data
creating /home/han/prob_project_ws/install/model_gazebo/share/ament_index
creating /home/han/prob_project_ws/install/model_gazebo/share/ament_index/resource_index
creating /home/han/prob_project_ws/install/model_gazebo/share/ament_index/resource_index/packages
copying resource/model_gazebo -> /home/han/prob_project_ws/install/model_gazebo/share/ament_index/resource_index/packages
copying package.xml -> /home/han/prob_project_ws/install/model_gazebo/share/model_gazebo
copying launch/model_in_gazebo.launch.py -> /home/han/prob_project_ws/install/model_gazebo/share/model_gazebo
creating /home/han/prob_project_ws/install/model_gazebo/share/model_gazebo/worlds
running install_egg_info
Copying ../../build/model_gazebo/model_gazebo.egg-info to /home/han/prob_project_ws/install/model_gazebo/lib/python3.10/site-packages/model_gazebo-0.0.0-py3.10.egg-info
running install_scripts
writing list of installed files to '/home/han/prob_project_ws/build/model_gazebo/install.log'
