[0.274s] Invoking command in '/home/han/prob_project_ws/src/model_gazebo': AMENT_PREFIX_PATH=/home/han/prob_project_ws/install/model_description:/home/han/prob_project_ws/install/model_gazebo:/home/han/ros2_ws/install/turtlebot3_simulations:/home/han/ros2_ws/install/turtlebot3_gazebo:/home/han/ros2_ws/install/turtlebot3_fake_node:/home/han/ros2_ws/install/prob_rob_labs:/home/han/ros2_ws/install/prob_rob_vision:/home/han/ros2_ws/install/prob_rob_msgs:/home/han/ros2_ws/install/lab_gazebo_models:/opt/ros/humble PYTHONPATH=/home/han/prob_project_ws/build/model_gazebo/prefix_override:/usr/lib/python3/dist-packages/colcon_core/task/python/colcon_distutils_commands:/home/han/prob_project_ws/install/model_gazebo/lib/python3.10/site-packages:/home/han/prob_project_ws/install/model_description/lib/python3.10/site-packages:/home/han/prob_project_ws/install/model_gazebo/lib/python3.10/site-packages:/home/han/ros2_ws/build/prob_rob_labs/src:/home/han/ros2_ws/install/prob_rob_labs/lib/python3.10/site-packages:/home/han/ros2_ws/install/prob_rob_msgs/local/lib/python3.10/dist-packages:/opt/ros/humble/lib/python3.10/site-packages:/opt/ros/humble/local/lib/python3.10/dist-packages /usr/bin/python3 -W ignore:setup.py install is deprecated -W ignore:easy_install command is deprecated setup.py egg_info --egg-base ../../build/model_gazebo build --build-base /home/han/prob_project_ws/build/model_gazebo/build install --record /home/han/prob_project_ws/build/model_gazebo/install.log --single-version-externally-managed install_data
[0.368s] running egg_info
[0.368s] creating ../../build/model_gazebo/model_gazebo.egg-info
[0.368s] writing ../../build/model_gazebo/model_gazebo.egg-info/PKG-INFO
[0.369s] writing dependency_links to ../../build/model_gazebo/model_gazebo.egg-info/dependency_links.txt
[0.369s] writing entry points to ../../build/model_gazebo/model_gazebo.egg-info/entry_points.txt
[0.369s] writing requirements to ../../build/model_gazebo/model_gazebo.egg-info/requires.txt
[0.369s] writing top-level names to ../../build/model_gazebo/model_gazebo.egg-info/top_level.txt
[0.369s] writing manifest file '../../build/model_gazebo/model_gazebo.egg-info/SOURCES.txt'
[0.369s] reading manifest file '../../build/model_gazebo/model_gazebo.egg-info/SOURCES.txt'
[0.369s] writing manifest file '../../build/model_gazebo/model_gazebo.egg-info/SOURCES.txt'
[0.370s] running build
[0.370s] running build_py
[0.370s] creating /home/han/prob_project_ws/build/model_gazebo/build
[0.370s] creating /home/han/prob_project_ws/build/model_gazebo/build/lib
[0.370s] creating /home/han/prob_project_ws/build/model_gazebo/build/lib/model_gazebo
[0.370s] copying model_gazebo/__init__.py -> /home/han/prob_project_ws/build/model_gazebo/build/lib/model_gazebo
[0.370s] running install
[0.370s] running install_lib
[0.370s] creating /home/han/prob_project_ws/install/model_gazebo/lib/python3.10/site-packages/model_gazebo
[0.370s] copying /home/han/prob_project_ws/build/model_gazebo/build/lib/model_gazebo/__init__.py -> /home/han/prob_project_ws/install/model_gazebo/lib/python3.10/site-packages/model_gazebo
[0.371s] byte-compiling /home/han/prob_project_ws/install/model_gazebo/lib/python3.10/site-packages/model_gazebo/__init__.py to __init__.cpython-310.pyc
[0.371s] running install_data
[0.371s] creating /home/han/prob_project_ws/install/model_gazebo/share/ament_index
[0.371s] creating /home/han/prob_project_ws/install/model_gazebo/share/ament_index/resource_index
[0.371s] creating /home/han/prob_project_ws/install/model_gazebo/share/ament_index/resource_index/packages
[0.371s] copying resource/model_gazebo -> /home/han/prob_project_ws/install/model_gazebo/share/ament_index/resource_index/packages
[0.371s] copying package.xml -> /home/han/prob_project_ws/install/model_gazebo/share/model_gazebo
[0.371s] copying launch/model_in_gazebo.launch.py -> /home/han/prob_project_ws/install/model_gazebo/share/model_gazebo
[0.371s] creating /home/han/prob_project_ws/install/model_gazebo/share/model_gazebo/worlds
[0.371s] running install_egg_info
[0.372s] Copying ../../build/model_gazebo/model_gazebo.egg-info to /home/han/prob_project_ws/install/model_gazebo/lib/python3.10/site-packages/model_gazebo-0.0.0-py3.10.egg-info
[0.372s] running install_scripts
[0.381s] writing list of installed files to '/home/han/prob_project_ws/build/model_gazebo/install.log'
[0.391s] Invoked command in '/home/han/prob_project_ws/src/model_gazebo' returned '0': AMENT_PREFIX_PATH=/home/han/prob_project_ws/install/model_description:/home/han/prob_project_ws/install/model_gazebo:/home/han/ros2_ws/install/turtlebot3_simulations:/home/han/ros2_ws/install/turtlebot3_gazebo:/home/han/ros2_ws/install/turtlebot3_fake_node:/home/han/ros2_ws/install/prob_rob_labs:/home/han/ros2_ws/install/prob_rob_vision:/home/han/ros2_ws/install/prob_rob_msgs:/home/han/ros2_ws/install/lab_gazebo_models:/opt/ros/humble PYTHONPATH=/home/han/prob_project_ws/build/model_gazebo/prefix_override:/usr/lib/python3/dist-packages/colcon_core/task/python/colcon_distutils_commands:/home/han/prob_project_ws/install/model_gazebo/lib/python3.10/site-packages:/home/han/prob_project_ws/install/model_description/lib/python3.10/site-packages:/home/han/prob_project_ws/install/model_gazebo/lib/python3.10/site-packages:/home/han/ros2_ws/build/prob_rob_labs/src:/home/han/ros2_ws/install/prob_rob_labs/lib/python3.10/site-packages:/home/han/ros2_ws/install/prob_rob_msgs/local/lib/python3.10/dist-packages:/opt/ros/humble/lib/python3.10/site-packages:/opt/ros/humble/local/lib/python3.10/dist-packages /usr/bin/python3 -W ignore:setup.py install is deprecated -W ignore:easy_install command is deprecated setup.py egg_info --egg-base ../../build/model_gazebo build --build-base /home/han/prob_project_ws/build/model_gazebo/build install --record /home/han/prob_project_ws/build/model_gazebo/install.log --single-version-externally-managed install_data
